

<!DOCTYPE html>
<html>
<head>
<meta charset="UTF-8">
<meta name="viewport" content="width=device-width, initial-scale=1, shrink-to-fit=no">
<title></title>
<link rel="apple-touch-icon" href="https://cdn.jsdelivr.net/gh/extent-framework/extent-github-cdn@b00a2d0486596e73dd7326beacf352c639623a0e/commons/img/logo.png">
<link rel="shortcut icon" href="https://cdn.jsdelivr.net/gh/extent-framework/extent-github-cdn@b00a2d0486596e73dd7326beacf352c639623a0e/commons/img/logo.png">
<link href="https://cdn.jsdelivr.net/gh/extent-framework/extent-github-cdn@ce8b10435bcbae260c334c0d0c6b61d2c19b6168/spark/css/spark-style.css" rel="stylesheet" />
<link href="https://stackpath.bootstrapcdn.com/font-awesome/4.7.0/css/font-awesome.min.css" rel="stylesheet">
<script src="https://cdn.jsdelivr.net/gh/extent-framework/extent-github-cdn@7cc78ce/spark/js/jsontree.js"></script>
<style type="text/css"></style></head><body class="spa -report standard">
  <div class="app">
    <div class="layout">
<div class="header navbar">
<div class="vheader">
<div class="nav-logo">
<a href="#">
<div class="logo" style="background-image: url('https://cdn.jsdelivr.net/gh/extent-framework/extent-github-cdn@b00a2d0486596e73dd7326beacf352c639623a0e/commons/img/logo.png')"></div>
</a>
</div>
<ul class="nav-left">
<li class="search-box">
<a class="search-toggle" href="#">
<i class="search-icon fa fa-search"></i>
<i class="search-icon-close fa fa-close"></i>
</a>
</li>
<li class="search-input"><input id="search-tests" class="form-control" type="text" placeholder="Search..."></li>
</ul>
<ul class="nav-right">
<li class="m-r-10">
<a href="#"><span class="badge badge-primary"></span></a>
</li>
<li class="m-r-10">
<a href="#"><span class="badge badge-primary">Jul 15, 2025 10:53:33 pm</span></a>
</li>
</ul>
</div>
</div><div class="side-nav">
<div class="side-nav-inner">
<ul class="side-nav-menu">
<li class="nav-item dropdown" onclick="toggleView('test-view')">
<a id="nav-test" class="dropdown-toggle" href="#">
<span class="ico"><i class="fa fa-list"></i></span>
</a>
</li>
<li class="nav-item dropdown" onclick="toggleView('category-view')">
<a id="nav-category" class="dropdown-toggle" href="#">
<span class="ico"><i class="fa fa-tag"></i></span>
</a>
</li>
<li class="nav-item dropdown" onclick="toggleView('dashboard-view')">
<a id="nav-dashboard" class="dropdown-toggle" href="#">
<span class="ico"><i class="fa fa-bar-chart"></i></span>
</a>
</li>
</ul>
</div>
</div>      <div class="vcontainer">
        <div class="main-content">
<div class="test-wrapper row view test-view">
  <div class="test-list">
    <div class="test-list-tools">
<ul class="tools pull-left">
<li><a href="#"><span class="font-size-14">Tests</span></a></li>
</ul>
<ul class="tools text-right">
<li class="dropdown">
<a href="#" class="dropdown-toggle" data-toggle="dropdown"><i class="fa fa-exclamation-circle"></i></a>
<ul id="status-toggle" class="dropdown-menu dropdown-md p-v-0">
<a class="dropdown-item" status="pass" href="#"><span>Pass</span><span class="status success"></span></a>
<a class="dropdown-item" status="fail" href="#"><span>Fail</span><span class="status danger"></span></a>
<div class="dropdown-divider"></div>
<a status="clear" class="dropdown-item" href="#"><span>Clear</span><span class="pull-right"><i class="fa fa-close"></i></span></a>
</ul>
</li>
<li class="dropdown">
<a href="#" class="dropdown-toggle" data-toggle="dropdown"><i class="fa fa-tag"></i></a>
<ul id="tag-toggle" class="dropdown-menu dropdown-md p-v-0">
<a class="dropdown-item" href="#">CHROME</a>
</ul>
</li>
</ul>
</div>    <div class="test-list-wrapper scrollable">
      <ul class="test-list-item">
        <li class="test-item"  status="pass" test-id="1"
          author=""
          tag="CHROME"
          device="">
          <div class="test-detail">
            <p class="name">testAddToCartAndValidateInCart</p>
            <p class="text-sm">
              <span>22:53:36</span> / <span>00:00:08:329</span>
              <span class="badge pass-bg log float-right">Pass</span>
            </p>
          </div>
          <div class="test-contents d-none">
<div class="detail-head">
<div class="p-v-10">
<div class="info">
<h5 class="test-status text-pass">testAddToCartAndValidateInCart</h5>
<span class='badge badge-success'>07.15.2025 22:53:36</span>
<span class='badge badge-danger'>07.15.2025 22:53:44</span>
<span class='badge badge-default'>00:00:08:329</span>
&middot; <span class='uri-anchor badge badge-default'>#test-id=1</span>
<span title='Skip to the next failed step' class='badge badge-danger pointer float-right ne ml-1'><i class="fa fa-fast-forward"></i></span>
<span title='Collapse all nodes' class='badge badge-default pointer float-right ct ml-1'><i class="fa fa-compress"></i></span>
<span title='Expand all nodes' class='badge badge-default pointer float-right et'><i class="fa fa-expand"></i></span>
</div>
<div class="m-t-15"><span class="badge badge-pill badge-default">CHROME</span></div>
</div>
</div>    <div class="row mb-3"><div class="col-md-3">
<img data-featherlight='screenshots/testAddToCartAndValidateInCart_20250715225344.png' src="screenshots/testAddToCartAndValidateInCart_20250715225344.png">
    <div class="title">Passed Screenshot</div>
    </div></div>
<div class="detail-body mt-4">
<table class="table table-sm">
  <thead><tr><th class="status-col">Status</th><th class="timestamp-col">Timestamp</th><th class="details-col">Details</th></tr></thead>
  <tbody>
      <tr class="event-row">
        <td><span class="badge log pass-bg">Pass</span></td>
        <td>22:53:44</td>
        <td>
          Test Passed
        </td>
      </tr>
  </tbody>
</table>
</div>
          </div>
        </li>
        <li class="test-item"  status="pass" test-id="2"
          author=""
          tag="CHROME"
          device="">
          <div class="test-detail">
            <p class="name">testBrowseCategoryLaptops</p>
            <p class="text-sm">
              <span>22:53:45</span> / <span>00:00:01:828</span>
              <span class="badge pass-bg log float-right">Pass</span>
            </p>
          </div>
          <div class="test-contents d-none">
<div class="detail-head">
<div class="p-v-10">
<div class="info">
<h5 class="test-status text-pass">testBrowseCategoryLaptops</h5>
<span class='badge badge-success'>07.15.2025 22:53:45</span>
<span class='badge badge-danger'>07.15.2025 22:53:47</span>
<span class='badge badge-default'>00:00:01:828</span>
&middot; <span class='uri-anchor badge badge-default'>#test-id=2</span>
<span title='Skip to the next failed step' class='badge badge-danger pointer float-right ne ml-1'><i class="fa fa-fast-forward"></i></span>
<span title='Collapse all nodes' class='badge badge-default pointer float-right ct ml-1'><i class="fa fa-compress"></i></span>
<span title='Expand all nodes' class='badge badge-default pointer float-right et'><i class="fa fa-expand"></i></span>
</div>
<div class="m-t-15"><span class="badge badge-pill badge-default">CHROME</span></div>
</div>
</div>    <div class="row mb-3"><div class="col-md-3">
<img data-featherlight='screenshots/testBrowseCategoryLaptops_20250715225347.png' src="screenshots/testBrowseCategoryLaptops_20250715225347.png">
    <div class="title">Passed Screenshot</div>
    </div></div>
<div class="detail-body mt-4">
<table class="table table-sm">
  <thead><tr><th class="status-col">Status</th><th class="timestamp-col">Timestamp</th><th class="details-col">Details</th></tr></thead>
  <tbody>
      <tr class="event-row">
        <td><span class="badge log pass-bg">Pass</span></td>
        <td>22:53:47</td>
        <td>
          Test Passed
        </td>
      </tr>
  </tbody>
</table>
</div>
          </div>
        </li>
        <li class="test-item"  status="pass" test-id="3"
          author=""
          tag="CHROME"
          device="">
          <div class="test-detail">
            <p class="name">testBrowseCategoryMonitors</p>
            <p class="text-sm">
              <span>22:53:50</span> / <span>00:00:01:110</span>
              <span class="badge pass-bg log float-right">Pass</span>
            </p>
          </div>
          <div class="test-contents d-none">
<div class="detail-head">
<div class="p-v-10">
<div class="info">
<h5 class="test-status text-pass">testBrowseCategoryMonitors</h5>
<span class='badge badge-success'>07.15.2025 22:53:50</span>
<span class='badge badge-danger'>07.15.2025 22:53:51</span>
<span class='badge badge-default'>00:00:01:110</span>
&middot; <span class='uri-anchor badge badge-default'>#test-id=3</span>
<span title='Skip to the next failed step' class='badge badge-danger pointer float-right ne ml-1'><i class="fa fa-fast-forward"></i></span>
<span title='Collapse all nodes' class='badge badge-default pointer float-right ct ml-1'><i class="fa fa-compress"></i></span>
<span title='Expand all nodes' class='badge badge-default pointer float-right et'><i class="fa fa-expand"></i></span>
</div>
<div class="m-t-15"><span class="badge badge-pill badge-default">CHROME</span></div>
</div>
</div>    <div class="row mb-3"><div class="col-md-3">
<img data-featherlight='screenshots/testBrowseCategoryMonitors_20250715225350.png' src="screenshots/testBrowseCategoryMonitors_20250715225350.png">
    <div class="title">Passed Screenshot</div>
    </div></div>
<div class="detail-body mt-4">
<table class="table table-sm">
  <thead><tr><th class="status-col">Status</th><th class="timestamp-col">Timestamp</th><th class="details-col">Details</th></tr></thead>
  <tbody>
      <tr class="event-row">
        <td><span class="badge log pass-bg">Pass</span></td>
        <td>22:53:51</td>
        <td>
          Test Passed
        </td>
      </tr>
  </tbody>
</table>
</div>
          </div>
        </li>
        <li class="test-item"  status="pass" test-id="4"
          author=""
          tag="CHROME"
          device="">
          <div class="test-detail">
            <p class="name">testBrowseCategoryPhones</p>
            <p class="text-sm">
              <span>22:53:53</span> / <span>00:00:01:160</span>
              <span class="badge pass-bg log float-right">Pass</span>
            </p>
          </div>
          <div class="test-contents d-none">
<div class="detail-head">
<div class="p-v-10">
<div class="info">
<h5 class="test-status text-pass">testBrowseCategoryPhones</h5>
<span class='badge badge-success'>07.15.2025 22:53:53</span>
<span class='badge badge-danger'>07.15.2025 22:53:54</span>
<span class='badge badge-default'>00:00:01:160</span>
&middot; <span class='uri-anchor badge badge-default'>#test-id=4</span>
<span title='Skip to the next failed step' class='badge badge-danger pointer float-right ne ml-1'><i class="fa fa-fast-forward"></i></span>
<span title='Collapse all nodes' class='badge badge-default pointer float-right ct ml-1'><i class="fa fa-compress"></i></span>
<span title='Expand all nodes' class='badge badge-default pointer float-right et'><i class="fa fa-expand"></i></span>
</div>
<div class="m-t-15"><span class="badge badge-pill badge-default">CHROME</span></div>
</div>
</div>    <div class="row mb-3"><div class="col-md-3">
<img data-featherlight='screenshots/testBrowseCategoryPhones_20250715225354.png' src="screenshots/testBrowseCategoryPhones_20250715225354.png">
    <div class="title">Passed Screenshot</div>
    </div></div>
<div class="detail-body mt-4">
<table class="table table-sm">
  <thead><tr><th class="status-col">Status</th><th class="timestamp-col">Timestamp</th><th class="details-col">Details</th></tr></thead>
  <tbody>
      <tr class="event-row">
        <td><span class="badge log pass-bg">Pass</span></td>
        <td>22:53:54</td>
        <td>
          Test Passed
        </td>
      </tr>
  </tbody>
</table>
</div>
          </div>
        </li>
        <li class="test-item"  status="fail" test-id="5"
          author=""
          tag="CHROME"
          device="">
          <div class="test-detail">
            <p class="name">testContactModalUI</p>
            <p class="text-sm">
              <span>22:53:55</span> / <span>00:00:03:348</span>
              <span class="badge fail-bg log float-right">Fail</span>
            </p>
          </div>
          <div class="test-contents d-none">
<div class="detail-head">
<div class="p-v-10">
<div class="info">
<h5 class="test-status text-fail">testContactModalUI</h5>
<span class='badge badge-success'>07.15.2025 22:53:55</span>
<span class='badge badge-danger'>07.15.2025 22:53:59</span>
<span class='badge badge-default'>00:00:03:348</span>
&middot; <span class='uri-anchor badge badge-default'>#test-id=5</span>
<span title='Skip to the next failed step' class='badge badge-danger pointer float-right ne ml-1'><i class="fa fa-fast-forward"></i></span>
<span title='Collapse all nodes' class='badge badge-default pointer float-right ct ml-1'><i class="fa fa-compress"></i></span>
<span title='Expand all nodes' class='badge badge-default pointer float-right et'><i class="fa fa-expand"></i></span>
</div>
<div class="m-t-15"><span class="badge badge-pill badge-default">CHROME</span></div>
</div>
</div>    <div class="row mb-3"><div class="col-md-3">
<img data-featherlight='screenshots/testContactModalUI_20250715225358.png' src="screenshots/testContactModalUI_20250715225358.png">
    <div class="title">Failure Screenshot</div>
    </div></div>
<div class="detail-body mt-4">
<table class="table table-sm">
  <thead><tr><th class="status-col">Status</th><th class="timestamp-col">Timestamp</th><th class="details-col">Details</th></tr></thead>
  <tbody>
      <tr class="event-row">
        <td><span class="badge log fail-bg">Fail</span></td>
        <td>22:53:58</td>
        <td>
          Test failed on browser: chrome org.openqa.selenium.StaleElementReferenceException: stale element reference: stale element not found
  (Session info: chrome=138.0.7204.97)
For documentation on this error, please visit: https://www.selenium.dev/documentation/webdriver/troubleshooting/errors#stale-element-reference-exception
Build info: version: '4.21.0', revision: '79ed462ef4'
System info: os.name: 'Windows 11', os.arch: 'amd64', os.version: '10.0', java.version: '21.0.5'
Driver info: org.openqa.selenium.chrome.ChromeDriver
Command: [4b75b6366edad60f50cddf1a520460f3, clickElement {id=f.19C969CF2EFBB981BF6DCC85D156E4F2.d.FD7A9C07F4000A19DB7CB458B447FA81.e.99}]
Capabilities {acceptInsecureCerts: false, browserName: chrome, browserVersion: 138.0.7204.97, chrome: {chromedriverVersion: 138.0.7204.157 (e533e98b126..., userDataDir: C:\Users\sures\AppData\Loca...}, fedcm:accounts: true, goog:chromeOptions: {debuggerAddress: localhost:55451}, networkConnectionEnabled: false, pageLoadStrategy: normal, platformName: windows, proxy: Proxy(), se:cdp: ws://localhost:55451/devtoo..., se:cdpVersion: 138.0.7204.97, setWindowRect: true, strictFileInteractability: false, timeouts: {implicit: 0, pageLoad: 300000, script: 30000}, unhandledPromptBehavior: dismiss and notify, webauthn:extension:credBlob: true, webauthn:extension:largeBlob: true, webauthn:extension:minPinLength: true, webauthn:extension:prf: true, webauthn:virtualAuthenticators: true}
Element: [[ChromeDriver: chrome on windows (4b75b6366edad60f50cddf1a520460f3)] -> xpath: //a[text()='Contact']]
Session ID: 4b75b6366edad60f50cddf1a520460f3
        </td>
      </tr>
  </tbody>
</table>
</div>
          </div>
        </li>
        <li class="test-item"  status="fail" test-id="6"
          author=""
          tag="CHROME"
          device="">
          <div class="test-detail">
            <p class="name">testDeleteProductFromCart</p>
            <p class="text-sm">
              <span>22:54:00</span> / <span>00:00:12:340</span>
              <span class="badge fail-bg log float-right">Fail</span>
            </p>
          </div>
          <div class="test-contents d-none">
<div class="detail-head">
<div class="p-v-10">
<div class="info">
<h5 class="test-status text-fail">testDeleteProductFromCart</h5>
<span class='badge badge-success'>07.15.2025 22:54:00</span>
<span class='badge badge-danger'>07.15.2025 22:54:13</span>
<span class='badge badge-default'>00:00:12:340</span>
&middot; <span class='uri-anchor badge badge-default'>#test-id=6</span>
<span title='Skip to the next failed step' class='badge badge-danger pointer float-right ne ml-1'><i class="fa fa-fast-forward"></i></span>
<span title='Collapse all nodes' class='badge badge-default pointer float-right ct ml-1'><i class="fa fa-compress"></i></span>
<span title='Expand all nodes' class='badge badge-default pointer float-right et'><i class="fa fa-expand"></i></span>
</div>
<div class="m-t-15"><span class="badge badge-pill badge-default">CHROME</span></div>
</div>
</div>    <div class="row mb-3"><div class="col-md-3">
<img data-featherlight='screenshots/testDeleteProductFromCart_20250715225412.png' src="screenshots/testDeleteProductFromCart_20250715225412.png">
    <div class="title">Failure Screenshot</div>
    </div></div>
<div class="detail-body mt-4">
<table class="table table-sm">
  <thead><tr><th class="status-col">Status</th><th class="timestamp-col">Timestamp</th><th class="details-col">Details</th></tr></thead>
  <tbody>
      <tr class="event-row">
        <td><span class="badge log fail-bg">Fail</span></td>
        <td>22:54:12</td>
        <td>
          Test failed on browser: chrome org.openqa.selenium.TimeoutException: Expected condition failed: waiting for visibility of element located by By.className: name (tried for 10 second(s) with 500 milliseconds interval)
Build info: version: '4.21.0', revision: '79ed462ef4'
System info: os.name: 'Windows 11', os.arch: 'amd64', os.version: '10.0', java.version: '21.0.5'
Driver info: org.openqa.selenium.chrome.ChromeDriver
Capabilities {acceptInsecureCerts: false, browserName: chrome, browserVersion: 138.0.7204.97, chrome: {chromedriverVersion: 138.0.7204.157 (e533e98b126..., userDataDir: C:\Users\sures\AppData\Loca...}, fedcm:accounts: true, goog:chromeOptions: {debuggerAddress: localhost:55477}, networkConnectionEnabled: false, pageLoadStrategy: normal, platformName: windows, proxy: Proxy(), se:cdp: ws://localhost:55477/devtoo..., se:cdpVersion: 138.0.7204.97, setWindowRect: true, strictFileInteractability: false, timeouts: {implicit: 0, pageLoad: 300000, script: 30000}, unhandledPromptBehavior: dismiss and notify, webauthn:extension:credBlob: true, webauthn:extension:largeBlob: true, webauthn:extension:minPinLength: true, webauthn:extension:prf: true, webauthn:virtualAuthenticators: true}
Session ID: dc806a0fbc6d6da479b3afa4e7b046e5
        </td>
      </tr>
  </tbody>
</table>
</div>
          </div>
        </li>
        <li class="test-item"  status="fail" test-id="7"
          author=""
          tag="CHROME"
          device="">
          <div class="test-detail">
            <p class="name">testNavBarAfterLogin</p>
            <p class="text-sm">
              <span>22:54:15</span> / <span>00:00:01:374</span>
              <span class="badge fail-bg log float-right">Fail</span>
            </p>
          </div>
          <div class="test-contents d-none">
<div class="detail-head">
<div class="p-v-10">
<div class="info">
<h5 class="test-status text-fail">testNavBarAfterLogin</h5>
<span class='badge badge-success'>07.15.2025 22:54:15</span>
<span class='badge badge-danger'>07.15.2025 22:54:16</span>
<span class='badge badge-default'>00:00:01:374</span>
&middot; <span class='uri-anchor badge badge-default'>#test-id=7</span>
<span title='Skip to the next failed step' class='badge badge-danger pointer float-right ne ml-1'><i class="fa fa-fast-forward"></i></span>
<span title='Collapse all nodes' class='badge badge-default pointer float-right ct ml-1'><i class="fa fa-compress"></i></span>
<span title='Expand all nodes' class='badge badge-default pointer float-right et'><i class="fa fa-expand"></i></span>
</div>
<div class="m-t-15"><span class="badge badge-pill badge-default">CHROME</span></div>
</div>
</div>    <div class="row mb-3"><div class="col-md-3">
<img data-featherlight='screenshots/testNavBarAfterLogin_20250715225416.png' src="screenshots/testNavBarAfterLogin_20250715225416.png">
    <div class="title">Failure Screenshot</div>
    </div></div>
<div class="detail-body mt-4">
<table class="table table-sm">
  <thead><tr><th class="status-col">Status</th><th class="timestamp-col">Timestamp</th><th class="details-col">Details</th></tr></thead>
  <tbody>
      <tr class="event-row">
        <td><span class="badge log fail-bg">Fail</span></td>
        <td>22:54:16</td>
        <td>
          Test failed on browser: chrome java.lang.AssertionError: Lists differ at element [4]: Log out != Log in expected [Log out] but found [Log in]
        </td>
      </tr>
  </tbody>
</table>
</div>
          </div>
        </li>
        <li class="test-item"  status="fail" test-id="8"
          author=""
          tag="CHROME"
          device="">
          <div class="test-detail">
            <p class="name">testNavigateUsingNavbarLinks</p>
            <p class="text-sm">
              <span>22:54:18</span> / <span>00:00:00:291</span>
              <span class="badge fail-bg log float-right">Fail</span>
            </p>
          </div>
          <div class="test-contents d-none">
<div class="detail-head">
<div class="p-v-10">
<div class="info">
<h5 class="test-status text-fail">testNavigateUsingNavbarLinks</h5>
<span class='badge badge-success'>07.15.2025 22:54:18</span>
<span class='badge badge-danger'>07.15.2025 22:54:19</span>
<span class='badge badge-default'>00:00:00:291</span>
&middot; <span class='uri-anchor badge badge-default'>#test-id=8</span>
<span title='Skip to the next failed step' class='badge badge-danger pointer float-right ne ml-1'><i class="fa fa-fast-forward"></i></span>
<span title='Collapse all nodes' class='badge badge-default pointer float-right ct ml-1'><i class="fa fa-compress"></i></span>
<span title='Expand all nodes' class='badge badge-default pointer float-right et'><i class="fa fa-expand"></i></span>
</div>
<div class="m-t-15"><span class="badge badge-pill badge-default">CHROME</span></div>
</div>
</div>    <div class="row mb-3"><div class="col-md-3">
<img data-featherlight='screenshots/testNavigateUsingNavbarLinks_20250715225418.png' src="screenshots/testNavigateUsingNavbarLinks_20250715225418.png">
    <div class="title">Failure Screenshot</div>
    </div></div>
<div class="detail-body mt-4">
<table class="table table-sm">
  <thead><tr><th class="status-col">Status</th><th class="timestamp-col">Timestamp</th><th class="details-col">Details</th></tr></thead>
  <tbody>
      <tr class="event-row">
        <td><span class="badge log fail-bg">Fail</span></td>
        <td>22:54:18</td>
        <td>
          Test failed on browser: chrome org.openqa.selenium.NoSuchElementException: no such element: Unable to locate element: {"method":"xpath","selector":"//a[text()='Home']"}
  (Session info: chrome=138.0.7204.97)
For documentation on this error, please visit: https://www.selenium.dev/documentation/webdriver/troubleshooting/errors#no-such-element-exception
Build info: version: '4.21.0', revision: '79ed462ef4'
System info: os.name: 'Windows 11', os.arch: 'amd64', os.version: '10.0', java.version: '21.0.5'
Driver info: org.openqa.selenium.chrome.ChromeDriver
Command: [980fe499aad83e2e92f65f5d276a9dcb, findElement {using=xpath, value=//a[text()='Home']}]
Capabilities {acceptInsecureCerts: false, browserName: chrome, browserVersion: 138.0.7204.97, chrome: {chromedriverVersion: 138.0.7204.157 (e533e98b126..., userDataDir: C:\Users\sures\AppData\Loca...}, fedcm:accounts: true, goog:chromeOptions: {debuggerAddress: localhost:55529}, networkConnectionEnabled: false, pageLoadStrategy: normal, platformName: windows, proxy: Proxy(), se:cdp: ws://localhost:55529/devtoo..., se:cdpVersion: 138.0.7204.97, setWindowRect: true, strictFileInteractability: false, timeouts: {implicit: 0, pageLoad: 300000, script: 30000}, unhandledPromptBehavior: dismiss and notify, webauthn:extension:credBlob: true, webauthn:extension:largeBlob: true, webauthn:extension:minPinLength: true, webauthn:extension:prf: true, webauthn:virtualAuthenticators: true}
Session ID: 980fe499aad83e2e92f65f5d276a9dcb
        </td>
      </tr>
  </tbody>
</table>
</div>
          </div>
        </li>
        <li class="test-item"  status="fail" test-id="9"
          author=""
          tag="CHROME"
          device="">
          <div class="test-detail">
            <p class="name">testVerifyHomeNavigation</p>
            <p class="text-sm">
              <span>22:54:20</span> / <span>00:00:01:530</span>
              <span class="badge fail-bg log float-right">Fail</span>
            </p>
          </div>
          <div class="test-contents d-none">
<div class="detail-head">
<div class="p-v-10">
<div class="info">
<h5 class="test-status text-fail">testVerifyHomeNavigation</h5>
<span class='badge badge-success'>07.15.2025 22:54:20</span>
<span class='badge badge-danger'>07.15.2025 22:54:21</span>
<span class='badge badge-default'>00:00:01:530</span>
&middot; <span class='uri-anchor badge badge-default'>#test-id=9</span>
<span title='Skip to the next failed step' class='badge badge-danger pointer float-right ne ml-1'><i class="fa fa-fast-forward"></i></span>
<span title='Collapse all nodes' class='badge badge-default pointer float-right ct ml-1'><i class="fa fa-compress"></i></span>
<span title='Expand all nodes' class='badge badge-default pointer float-right et'><i class="fa fa-expand"></i></span>
</div>
<div class="m-t-15"><span class="badge badge-pill badge-default">CHROME</span></div>
</div>
</div>    <div class="row mb-3"><div class="col-md-3">
<img data-featherlight='screenshots/testVerifyHomeNavigation_20250715225421.png' src="screenshots/testVerifyHomeNavigation_20250715225421.png">
    <div class="title">Failure Screenshot</div>
    </div></div>
<div class="detail-body mt-4">
<table class="table table-sm">
  <thead><tr><th class="status-col">Status</th><th class="timestamp-col">Timestamp</th><th class="details-col">Details</th></tr></thead>
  <tbody>
      <tr class="event-row">
        <td><span class="badge log fail-bg">Fail</span></td>
        <td>22:54:21</td>
        <td>
          Test failed on browser: chrome org.openqa.selenium.NoSuchElementException: no such element: Unable to locate element: {"method":"xpath","selector":"//a[text()='Home']"}
  (Session info: chrome=138.0.7204.97)
For documentation on this error, please visit: https://www.selenium.dev/documentation/webdriver/troubleshooting/errors#no-such-element-exception
Build info: version: '4.21.0', revision: '79ed462ef4'
System info: os.name: 'Windows 11', os.arch: 'amd64', os.version: '10.0', java.version: '21.0.5'
Driver info: org.openqa.selenium.chrome.ChromeDriver
Command: [4f5102704c9e988a1042b6ace16ff922, findElement {using=xpath, value=//a[text()='Home']}]
Capabilities {acceptInsecureCerts: false, browserName: chrome, browserVersion: 138.0.7204.97, chrome: {chromedriverVersion: 138.0.7204.157 (e533e98b126..., userDataDir: C:\Users\sures\AppData\Loca...}, fedcm:accounts: true, goog:chromeOptions: {debuggerAddress: localhost:55551}, networkConnectionEnabled: false, pageLoadStrategy: normal, platformName: windows, proxy: Proxy(), se:cdp: ws://localhost:55551/devtoo..., se:cdpVersion: 138.0.7204.97, setWindowRect: true, strictFileInteractability: false, timeouts: {implicit: 0, pageLoad: 300000, script: 30000}, unhandledPromptBehavior: dismiss and notify, webauthn:extension:credBlob: true, webauthn:extension:largeBlob: true, webauthn:extension:minPinLength: true, webauthn:extension:prf: true, webauthn:virtualAuthenticators: true}
Session ID: 4f5102704c9e988a1042b6ace16ff922
        </td>
      </tr>
  </tbody>
</table>
</div>
          </div>
        </li>
        <li class="test-item"  status="pass" test-id="10"
          author=""
          tag="CHROME"
          device="">
          <div class="test-detail">
            <p class="name">testViewProductDetails</p>
            <p class="text-sm">
              <span>22:54:23</span> / <span>00:00:02:401</span>
              <span class="badge pass-bg log float-right">Pass</span>
            </p>
          </div>
          <div class="test-contents d-none">
<div class="detail-head">
<div class="p-v-10">
<div class="info">
<h5 class="test-status text-pass">testViewProductDetails</h5>
<span class='badge badge-success'>07.15.2025 22:54:23</span>
<span class='badge badge-danger'>07.15.2025 22:54:25</span>
<span class='badge badge-default'>00:00:02:401</span>
&middot; <span class='uri-anchor badge badge-default'>#test-id=10</span>
<span title='Skip to the next failed step' class='badge badge-danger pointer float-right ne ml-1'><i class="fa fa-fast-forward"></i></span>
<span title='Collapse all nodes' class='badge badge-default pointer float-right ct ml-1'><i class="fa fa-compress"></i></span>
<span title='Expand all nodes' class='badge badge-default pointer float-right et'><i class="fa fa-expand"></i></span>
</div>
<div class="m-t-15"><span class="badge badge-pill badge-default">CHROME</span></div>
</div>
</div>    <div class="row mb-3"><div class="col-md-3">
<img data-featherlight='screenshots/testViewProductDetails_20250715225425.png' src="screenshots/testViewProductDetails_20250715225425.png">
    <div class="title">Passed Screenshot</div>
    </div></div>
<div class="detail-body mt-4">
<table class="table table-sm">
  <thead><tr><th class="status-col">Status</th><th class="timestamp-col">Timestamp</th><th class="details-col">Details</th></tr></thead>
  <tbody>
      <tr class="event-row">
        <td><span class="badge log pass-bg">Pass</span></td>
        <td>22:54:25</td>
        <td>
          Test Passed
        </td>
      </tr>
  </tbody>
</table>
</div>
          </div>
        </li>
        <li class="test-item"  status="pass" test-id="11"
          author=""
          tag="CHROME"
          device="">
          <div class="test-detail">
            <p class="name">validSignUp</p>
            <p class="text-sm">
              <span>22:54:27</span> / <span>00:00:01:913</span>
              <span class="badge pass-bg log float-right">Pass</span>
            </p>
          </div>
          <div class="test-contents d-none">
<div class="detail-head">
<div class="p-v-10">
<div class="info">
<h5 class="test-status text-pass">validSignUp</h5>
<span class='badge badge-success'>07.15.2025 22:54:27</span>
<span class='badge badge-danger'>07.15.2025 22:54:29</span>
<span class='badge badge-default'>00:00:01:913</span>
&middot; <span class='uri-anchor badge badge-default'>#test-id=11</span>
<span title='Skip to the next failed step' class='badge badge-danger pointer float-right ne ml-1'><i class="fa fa-fast-forward"></i></span>
<span title='Collapse all nodes' class='badge badge-default pointer float-right ct ml-1'><i class="fa fa-compress"></i></span>
<span title='Expand all nodes' class='badge badge-default pointer float-right et'><i class="fa fa-expand"></i></span>
</div>
<div class="m-t-15"><span class="badge badge-pill badge-default">CHROME</span></div>
</div>
</div>    <div class="row mb-3"><div class="col-md-3">
<img data-featherlight='screenshots/validSignUp_20250715225429.png' src="screenshots/validSignUp_20250715225429.png">
    <div class="title">Passed Screenshot</div>
    </div></div>
<div class="detail-body mt-4">
<table class="table table-sm">
  <thead><tr><th class="status-col">Status</th><th class="timestamp-col">Timestamp</th><th class="details-col">Details</th></tr></thead>
  <tbody>
      <tr class="event-row">
        <td><span class="badge log pass-bg">Pass</span></td>
        <td>22:54:29</td>
        <td>
          Test Passed
        </td>
      </tr>
  </tbody>
</table>
</div>
          </div>
        </li>
        <li class="test-item"  status="fail" test-id="12"
          author=""
          tag="CHROME"
          device="">
          <div class="test-detail">
            <p class="name">testLoginFormButtonsAreVisible</p>
            <p class="text-sm">
              <span>22:54:31</span> / <span>00:00:00:436</span>
              <span class="badge fail-bg log float-right">Fail</span>
            </p>
          </div>
          <div class="test-contents d-none">
<div class="detail-head">
<div class="p-v-10">
<div class="info">
<h5 class="test-status text-fail">testLoginFormButtonsAreVisible</h5>
<span class='badge badge-success'>07.15.2025 22:54:31</span>
<span class='badge badge-danger'>07.15.2025 22:54:32</span>
<span class='badge badge-default'>00:00:00:436</span>
&middot; <span class='uri-anchor badge badge-default'>#test-id=12</span>
<span title='Skip to the next failed step' class='badge badge-danger pointer float-right ne ml-1'><i class="fa fa-fast-forward"></i></span>
<span title='Collapse all nodes' class='badge badge-default pointer float-right ct ml-1'><i class="fa fa-compress"></i></span>
<span title='Expand all nodes' class='badge badge-default pointer float-right et'><i class="fa fa-expand"></i></span>
</div>
<div class="m-t-15"><span class="badge badge-pill badge-default">CHROME</span></div>
</div>
</div>    <div class="row mb-3"><div class="col-md-3">
<img data-featherlight='screenshots/testLoginFormButtonsAreVisible_20250715225431.png' src="screenshots/testLoginFormButtonsAreVisible_20250715225431.png">
    <div class="title">Failure Screenshot</div>
    </div></div>
<div class="detail-body mt-4">
<table class="table table-sm">
  <thead><tr><th class="status-col">Status</th><th class="timestamp-col">Timestamp</th><th class="details-col">Details</th></tr></thead>
  <tbody>
      <tr class="event-row">
        <td><span class="badge log fail-bg">Fail</span></td>
        <td>22:54:31</td>
        <td>
          Test failed on browser: chrome java.lang.AssertionError: Login button should be visible expected [true] but found [false]
        </td>
      </tr>
  </tbody>
</table>
</div>
          </div>
        </li>
        <li class="test-item"  status="pass" test-id="13"
          author=""
          tag="CHROME"
          device="">
          <div class="test-detail">
            <p class="name">testSuccessfulLogin</p>
            <p class="text-sm">
              <span>22:54:34</span> / <span>00:00:02:586</span>
              <span class="badge pass-bg log float-right">Pass</span>
            </p>
          </div>
          <div class="test-contents d-none">
<div class="detail-head">
<div class="p-v-10">
<div class="info">
<h5 class="test-status text-pass">testSuccessfulLogin</h5>
<span class='badge badge-success'>07.15.2025 22:54:34</span>
<span class='badge badge-danger'>07.15.2025 22:54:36</span>
<span class='badge badge-default'>00:00:02:586</span>
&middot; <span class='uri-anchor badge badge-default'>#test-id=13</span>
<span title='Skip to the next failed step' class='badge badge-danger pointer float-right ne ml-1'><i class="fa fa-fast-forward"></i></span>
<span title='Collapse all nodes' class='badge badge-default pointer float-right ct ml-1'><i class="fa fa-compress"></i></span>
<span title='Expand all nodes' class='badge badge-default pointer float-right et'><i class="fa fa-expand"></i></span>
</div>
<div class="m-t-15"><span class="badge badge-pill badge-default">CHROME</span></div>
</div>
</div>    <div class="row mb-3"><div class="col-md-3">
<img data-featherlight='screenshots/testSuccessfulLogin_20250715225436.png' src="screenshots/testSuccessfulLogin_20250715225436.png">
    <div class="title">Passed Screenshot</div>
    </div></div>
<div class="detail-body mt-4">
<table class="table table-sm">
  <thead><tr><th class="status-col">Status</th><th class="timestamp-col">Timestamp</th><th class="details-col">Details</th></tr></thead>
  <tbody>
      <tr class="event-row">
        <td><span class="badge log pass-bg">Pass</span></td>
        <td>22:54:36</td>
        <td>
          Test Passed
        </td>
      </tr>
  </tbody>
</table>
</div>
          </div>
        </li>
        <li class="test-item"  status="pass" test-id="14"
          author=""
          tag="CHROME"
          device="">
          <div class="test-detail">
            <p class="name">verifyLoginWithEmptyFields</p>
            <p class="text-sm">
              <span>22:54:39</span> / <span>00:00:01:254</span>
              <span class="badge pass-bg log float-right">Pass</span>
            </p>
          </div>
          <div class="test-contents d-none">
<div class="detail-head">
<div class="p-v-10">
<div class="info">
<h5 class="test-status text-pass">verifyLoginWithEmptyFields</h5>
<span class='badge badge-success'>07.15.2025 22:54:39</span>
<span class='badge badge-danger'>07.15.2025 22:54:40</span>
<span class='badge badge-default'>00:00:01:254</span>
&middot; <span class='uri-anchor badge badge-default'>#test-id=14</span>
<span title='Skip to the next failed step' class='badge badge-danger pointer float-right ne ml-1'><i class="fa fa-fast-forward"></i></span>
<span title='Collapse all nodes' class='badge badge-default pointer float-right ct ml-1'><i class="fa fa-compress"></i></span>
<span title='Expand all nodes' class='badge badge-default pointer float-right et'><i class="fa fa-expand"></i></span>
</div>
<div class="m-t-15"><span class="badge badge-pill badge-default">CHROME</span></div>
</div>
</div>    <div class="row mb-3"><div class="col-md-3">
<img data-featherlight='screenshots/verifyLoginWithEmptyFields_20250715225440.png' src="screenshots/verifyLoginWithEmptyFields_20250715225440.png">
    <div class="title">Passed Screenshot</div>
    </div></div>
<div class="detail-body mt-4">
<table class="table table-sm">
  <thead><tr><th class="status-col">Status</th><th class="timestamp-col">Timestamp</th><th class="details-col">Details</th></tr></thead>
  <tbody>
      <tr class="event-row">
        <td><span class="badge log pass-bg">Pass</span></td>
        <td>22:54:40</td>
        <td>
          Test Passed
        </td>
      </tr>
  </tbody>
</table>
</div>
          </div>
        </li>
        <li class="test-item"  status="pass" test-id="15"
          author=""
          tag="CHROME"
          device="">
          <div class="test-detail">
            <p class="name">verifyLoginWithInCorrectUserNameAndPassword</p>
            <p class="text-sm">
              <span>22:54:42</span> / <span>00:00:01:834</span>
              <span class="badge pass-bg log float-right">Pass</span>
            </p>
          </div>
          <div class="test-contents d-none">
<div class="detail-head">
<div class="p-v-10">
<div class="info">
<h5 class="test-status text-pass">verifyLoginWithInCorrectUserNameAndPassword</h5>
<span class='badge badge-success'>07.15.2025 22:54:42</span>
<span class='badge badge-danger'>07.15.2025 22:54:44</span>
<span class='badge badge-default'>00:00:01:834</span>
&middot; <span class='uri-anchor badge badge-default'>#test-id=15</span>
<span title='Skip to the next failed step' class='badge badge-danger pointer float-right ne ml-1'><i class="fa fa-fast-forward"></i></span>
<span title='Collapse all nodes' class='badge badge-default pointer float-right ct ml-1'><i class="fa fa-compress"></i></span>
<span title='Expand all nodes' class='badge badge-default pointer float-right et'><i class="fa fa-expand"></i></span>
</div>
<div class="m-t-15"><span class="badge badge-pill badge-default">CHROME</span></div>
</div>
</div>    <div class="row mb-3"><div class="col-md-3">
<img data-featherlight='screenshots/verifyLoginWithInCorrectUserNameAndPassword_20250715225443.png' src="screenshots/verifyLoginWithInCorrectUserNameAndPassword_20250715225443.png">
    <div class="title">Passed Screenshot</div>
    </div></div>
<div class="detail-body mt-4">
<table class="table table-sm">
  <thead><tr><th class="status-col">Status</th><th class="timestamp-col">Timestamp</th><th class="details-col">Details</th></tr></thead>
  <tbody>
      <tr class="event-row">
        <td><span class="badge log pass-bg">Pass</span></td>
        <td>22:54:44</td>
        <td>
          Test Passed
        </td>
      </tr>
  </tbody>
</table>
</div>
          </div>
        </li>
        <li class="test-item"  status="pass" test-id="16"
          author=""
          tag="CHROME"
          device="">
          <div class="test-detail">
            <p class="name">verifyLoginWithValidCredentials</p>
            <p class="text-sm">
              <span>22:54:45</span> / <span>00:00:01:163</span>
              <span class="badge pass-bg log float-right">Pass</span>
            </p>
          </div>
          <div class="test-contents d-none">
<div class="detail-head">
<div class="p-v-10">
<div class="info">
<h5 class="test-status text-pass">verifyLoginWithValidCredentials</h5>
<span class='badge badge-success'>07.15.2025 22:54:45</span>
<span class='badge badge-danger'>07.15.2025 22:54:47</span>
<span class='badge badge-default'>00:00:01:163</span>
&middot; <span class='uri-anchor badge badge-default'>#test-id=16</span>
<span title='Skip to the next failed step' class='badge badge-danger pointer float-right ne ml-1'><i class="fa fa-fast-forward"></i></span>
<span title='Collapse all nodes' class='badge badge-default pointer float-right ct ml-1'><i class="fa fa-compress"></i></span>
<span title='Expand all nodes' class='badge badge-default pointer float-right et'><i class="fa fa-expand"></i></span>
</div>
<div class="m-t-15"><span class="badge badge-pill badge-default">CHROME</span></div>
</div>
</div>    <div class="row mb-3"><div class="col-md-3">
<img data-featherlight='screenshots/verifyLoginWithValidCredentials_20250715225446.png' src="screenshots/verifyLoginWithValidCredentials_20250715225446.png">
    <div class="title">Passed Screenshot</div>
    </div></div>
<div class="detail-body mt-4">
<table class="table table-sm">
  <thead><tr><th class="status-col">Status</th><th class="timestamp-col">Timestamp</th><th class="details-col">Details</th></tr></thead>
  <tbody>
      <tr class="event-row">
        <td><span class="badge log pass-bg">Pass</span></td>
        <td>22:54:47</td>
        <td>
          Test Passed
        </td>
      </tr>
  </tbody>
</table>
</div>
          </div>
        </li>
        <li class="test-item"  status="fail" test-id="17"
          author=""
          tag="CHROME"
          device="">
          <div class="test-detail">
            <p class="name">testHorizontalScrollingOnIphone15Pro</p>
            <p class="text-sm">
              <span>22:54:48</span> / <span>00:00:01:606</span>
              <span class="badge fail-bg log float-right">Fail</span>
            </p>
          </div>
          <div class="test-contents d-none">
<div class="detail-head">
<div class="p-v-10">
<div class="info">
<h5 class="test-status text-fail">testHorizontalScrollingOnIphone15Pro</h5>
<span class='badge badge-success'>07.15.2025 22:54:48</span>
<span class='badge badge-danger'>07.15.2025 22:54:50</span>
<span class='badge badge-default'>00:00:01:606</span>
&middot; <span class='uri-anchor badge badge-default'>#test-id=17</span>
<span title='Skip to the next failed step' class='badge badge-danger pointer float-right ne ml-1'><i class="fa fa-fast-forward"></i></span>
<span title='Collapse all nodes' class='badge badge-default pointer float-right ct ml-1'><i class="fa fa-compress"></i></span>
<span title='Expand all nodes' class='badge badge-default pointer float-right et'><i class="fa fa-expand"></i></span>
</div>
<div class="m-t-15"><span class="badge badge-pill badge-default">CHROME</span></div>
</div>
</div>    <div class="row mb-3"><div class="col-md-3">
<img data-featherlight='screenshots/testHorizontalScrollingOnIphone15Pro_20250715225450.png' src="screenshots/testHorizontalScrollingOnIphone15Pro_20250715225450.png">
    <div class="title">Failure Screenshot</div>
    </div></div>
<div class="detail-body mt-4">
<table class="table table-sm">
  <thead><tr><th class="status-col">Status</th><th class="timestamp-col">Timestamp</th><th class="details-col">Details</th></tr></thead>
  <tbody>
      <tr class="event-row">
        <td><span class="badge log fail-bg">Fail</span></td>
        <td>22:54:50</td>
        <td>
          Test failed on browser: chrome java.lang.NullPointerException: Cannot invoke "com.sudha.ecommerce.tests.HomePageTest.testNavBarAfterLogin()" because "this.homePageTest" is null
        </td>
      </tr>
  </tbody>
</table>
</div>
          </div>
        </li>
        <li class="test-item"  status="fail" test-id="18"
          author=""
          tag="CHROME"
          device="">
          <div class="test-detail">
            <p class="name">testHorizontalScrollingOnIphone8</p>
            <p class="text-sm">
              <span>22:54:52</span> / <span>00:00:01:707</span>
              <span class="badge fail-bg log float-right">Fail</span>
            </p>
          </div>
          <div class="test-contents d-none">
<div class="detail-head">
<div class="p-v-10">
<div class="info">
<h5 class="test-status text-fail">testHorizontalScrollingOnIphone8</h5>
<span class='badge badge-success'>07.15.2025 22:54:52</span>
<span class='badge badge-danger'>07.15.2025 22:54:53</span>
<span class='badge badge-default'>00:00:01:707</span>
&middot; <span class='uri-anchor badge badge-default'>#test-id=18</span>
<span title='Skip to the next failed step' class='badge badge-danger pointer float-right ne ml-1'><i class="fa fa-fast-forward"></i></span>
<span title='Collapse all nodes' class='badge badge-default pointer float-right ct ml-1'><i class="fa fa-compress"></i></span>
<span title='Expand all nodes' class='badge badge-default pointer float-right et'><i class="fa fa-expand"></i></span>
</div>
<div class="m-t-15"><span class="badge badge-pill badge-default">CHROME</span></div>
</div>
</div>    <div class="row mb-3"><div class="col-md-3">
<img data-featherlight='screenshots/testHorizontalScrollingOnIphone8_20250715225453.png' src="screenshots/testHorizontalScrollingOnIphone8_20250715225453.png">
    <div class="title">Failure Screenshot</div>
    </div></div>
<div class="detail-body mt-4">
<table class="table table-sm">
  <thead><tr><th class="status-col">Status</th><th class="timestamp-col">Timestamp</th><th class="details-col">Details</th></tr></thead>
  <tbody>
      <tr class="event-row">
        <td><span class="badge log fail-bg">Fail</span></td>
        <td>22:54:53</td>
        <td>
          Test failed on browser: chrome java.lang.NullPointerException: Cannot invoke "com.sudha.ecommerce.tests.HomePageTest.testNavBarAfterLogin()" because "this.homePageTest" is null
        </td>
      </tr>
  </tbody>
</table>
</div>
          </div>
        </li>
        <li class="test-item"  status="pass" test-id="19"
          author=""
          tag="CHROME"
          device="">
          <div class="test-detail">
            <p class="name">verifyPasswordFieldIsMasked</p>
            <p class="text-sm">
              <span>22:54:55</span> / <span>00:00:01:073</span>
              <span class="badge pass-bg log float-right">Pass</span>
            </p>
          </div>
          <div class="test-contents d-none">
<div class="detail-head">
<div class="p-v-10">
<div class="info">
<h5 class="test-status text-pass">verifyPasswordFieldIsMasked</h5>
<span class='badge badge-success'>07.15.2025 22:54:55</span>
<span class='badge badge-danger'>07.15.2025 22:54:56</span>
<span class='badge badge-default'>00:00:01:073</span>
&middot; <span class='uri-anchor badge badge-default'>#test-id=19</span>
<span title='Skip to the next failed step' class='badge badge-danger pointer float-right ne ml-1'><i class="fa fa-fast-forward"></i></span>
<span title='Collapse all nodes' class='badge badge-default pointer float-right ct ml-1'><i class="fa fa-compress"></i></span>
<span title='Expand all nodes' class='badge badge-default pointer float-right et'><i class="fa fa-expand"></i></span>
</div>
<div class="m-t-15"><span class="badge badge-pill badge-default">CHROME</span></div>
</div>
</div>    <div class="row mb-3"><div class="col-md-3">
<img data-featherlight='screenshots/verifyPasswordFieldIsMasked_20250715225456.png' src="screenshots/verifyPasswordFieldIsMasked_20250715225456.png">
    <div class="title">Passed Screenshot</div>
    </div></div>
<div class="detail-body mt-4">
<table class="table table-sm">
  <thead><tr><th class="status-col">Status</th><th class="timestamp-col">Timestamp</th><th class="details-col">Details</th></tr></thead>
  <tbody>
      <tr class="event-row">
        <td><span class="badge log pass-bg">Pass</span></td>
        <td>22:54:56</td>
        <td>
          Test Passed
        </td>
      </tr>
  </tbody>
</table>
</div>
          </div>
        </li>
        <li class="test-item"  status="pass" test-id="20"
          author=""
          tag="CHROME"
          device="">
          <div class="test-detail">
            <p class="name">verifyPasswordFieldIsMasked</p>
            <p class="text-sm">
              <span>22:54:58</span> / <span>00:00:01:175</span>
              <span class="badge pass-bg log float-right">Pass</span>
            </p>
          </div>
          <div class="test-contents d-none">
<div class="detail-head">
<div class="p-v-10">
<div class="info">
<h5 class="test-status text-pass">verifyPasswordFieldIsMasked</h5>
<span class='badge badge-success'>07.15.2025 22:54:58</span>
<span class='badge badge-danger'>07.15.2025 22:54:59</span>
<span class='badge badge-default'>00:00:01:175</span>
&middot; <span class='uri-anchor badge badge-default'>#test-id=20</span>
<span title='Skip to the next failed step' class='badge badge-danger pointer float-right ne ml-1'><i class="fa fa-fast-forward"></i></span>
<span title='Collapse all nodes' class='badge badge-default pointer float-right ct ml-1'><i class="fa fa-compress"></i></span>
<span title='Expand all nodes' class='badge badge-default pointer float-right et'><i class="fa fa-expand"></i></span>
</div>
<div class="m-t-15"><span class="badge badge-pill badge-default">CHROME</span></div>
</div>
</div>    <div class="row mb-3"><div class="col-md-3">
<img data-featherlight='screenshots/verifyPasswordFieldIsMasked_20250715225459.png' src="screenshots/verifyPasswordFieldIsMasked_20250715225459.png">
    <div class="title">Passed Screenshot</div>
    </div></div>
<div class="detail-body mt-4">
<table class="table table-sm">
  <thead><tr><th class="status-col">Status</th><th class="timestamp-col">Timestamp</th><th class="details-col">Details</th></tr></thead>
  <tbody>
      <tr class="event-row">
        <td><span class="badge log pass-bg">Pass</span></td>
        <td>22:54:59</td>
        <td>
          Test Passed
        </td>
      </tr>
  </tbody>
</table>
</div>
          </div>
        </li>
        <li class="test-item"  status="pass" test-id="21"
          author=""
          tag="CHROME"
          device="">
          <div class="test-detail">
            <p class="name">addProductToCart</p>
            <p class="text-sm">
              <span>22:55:02</span> / <span>00:00:04:659</span>
              <span class="badge pass-bg log float-right">Pass</span>
            </p>
          </div>
          <div class="test-contents d-none">
<div class="detail-head">
<div class="p-v-10">
<div class="info">
<h5 class="test-status text-pass">addProductToCart</h5>
<span class='badge badge-success'>07.15.2025 22:55:02</span>
<span class='badge badge-danger'>07.15.2025 22:55:06</span>
<span class='badge badge-default'>00:00:04:659</span>
&middot; <span class='uri-anchor badge badge-default'>#test-id=21</span>
<span title='Skip to the next failed step' class='badge badge-danger pointer float-right ne ml-1'><i class="fa fa-fast-forward"></i></span>
<span title='Collapse all nodes' class='badge badge-default pointer float-right ct ml-1'><i class="fa fa-compress"></i></span>
<span title='Expand all nodes' class='badge badge-default pointer float-right et'><i class="fa fa-expand"></i></span>
</div>
<div class="m-t-15"><span class="badge badge-pill badge-default">CHROME</span></div>
</div>
</div>    <div class="row mb-3"><div class="col-md-3">
<img data-featherlight='screenshots/addProductToCart_20250715225506.png' src="screenshots/addProductToCart_20250715225506.png">
    <div class="title">Passed Screenshot</div>
    </div></div>
<div class="detail-body mt-4">
<table class="table table-sm">
  <thead><tr><th class="status-col">Status</th><th class="timestamp-col">Timestamp</th><th class="details-col">Details</th></tr></thead>
  <tbody>
      <tr class="event-row">
        <td><span class="badge log pass-bg">Pass</span></td>
        <td>22:55:06</td>
        <td>
          Test Passed
        </td>
      </tr>
  </tbody>
</table>
</div>
          </div>
        </li>
        <li class="test-item"  status="pass" test-id="22"
          author=""
          tag="CHROME"
          device="">
          <div class="test-detail">
            <p class="name">inValidSignUp</p>
            <p class="text-sm">
              <span>22:55:08</span> / <span>00:00:01:800</span>
              <span class="badge pass-bg log float-right">Pass</span>
            </p>
          </div>
          <div class="test-contents d-none">
<div class="detail-head">
<div class="p-v-10">
<div class="info">
<h5 class="test-status text-pass">inValidSignUp</h5>
<span class='badge badge-success'>07.15.2025 22:55:08</span>
<span class='badge badge-danger'>07.15.2025 22:55:10</span>
<span class='badge badge-default'>00:00:01:800</span>
&middot; <span class='uri-anchor badge badge-default'>#test-id=22</span>
<span title='Skip to the next failed step' class='badge badge-danger pointer float-right ne ml-1'><i class="fa fa-fast-forward"></i></span>
<span title='Collapse all nodes' class='badge badge-default pointer float-right ct ml-1'><i class="fa fa-compress"></i></span>
<span title='Expand all nodes' class='badge badge-default pointer float-right et'><i class="fa fa-expand"></i></span>
</div>
<div class="m-t-15"><span class="badge badge-pill badge-default">CHROME</span></div>
</div>
</div>    <div class="row mb-3"><div class="col-md-3">
<img data-featherlight='screenshots/inValidSignUp_20250715225509.png' src="screenshots/inValidSignUp_20250715225509.png">
    <div class="title">Passed Screenshot</div>
    </div></div>
<div class="detail-body mt-4">
<table class="table table-sm">
  <thead><tr><th class="status-col">Status</th><th class="timestamp-col">Timestamp</th><th class="details-col">Details</th></tr></thead>
  <tbody>
      <tr class="event-row">
        <td><span class="badge log pass-bg">Pass</span></td>
        <td>22:55:10</td>
        <td>
          Test Passed
        </td>
      </tr>
  </tbody>
</table>
</div>
          </div>
        </li>
        <li class="test-item"  status="fail" test-id="23"
          author=""
          tag="CHROME"
          device="">
          <div class="test-detail">
            <p class="name">viewCartWithAddedProducts</p>
            <p class="text-sm">
              <span>22:55:12</span> / <span>00:00:02:084</span>
              <span class="badge fail-bg log float-right">Fail</span>
            </p>
          </div>
          <div class="test-contents d-none">
<div class="detail-head">
<div class="p-v-10">
<div class="info">
<h5 class="test-status text-fail">viewCartWithAddedProducts</h5>
<span class='badge badge-success'>07.15.2025 22:55:12</span>
<span class='badge badge-danger'>07.15.2025 22:55:14</span>
<span class='badge badge-default'>00:00:02:084</span>
&middot; <span class='uri-anchor badge badge-default'>#test-id=23</span>
<span title='Skip to the next failed step' class='badge badge-danger pointer float-right ne ml-1'><i class="fa fa-fast-forward"></i></span>
<span title='Collapse all nodes' class='badge badge-default pointer float-right ct ml-1'><i class="fa fa-compress"></i></span>
<span title='Expand all nodes' class='badge badge-default pointer float-right et'><i class="fa fa-expand"></i></span>
</div>
<div class="m-t-15"><span class="badge badge-pill badge-default">CHROME</span></div>
</div>
</div>    <div class="row mb-3"><div class="col-md-3">
<img data-featherlight='screenshots/viewCartWithAddedProducts_20250715225514.png' src="screenshots/viewCartWithAddedProducts_20250715225514.png">
    <div class="title">Failure Screenshot</div>
    </div></div>
<div class="detail-body mt-4">
<table class="table table-sm">
  <thead><tr><th class="status-col">Status</th><th class="timestamp-col">Timestamp</th><th class="details-col">Details</th></tr></thead>
  <tbody>
      <tr class="event-row">
        <td><span class="badge log fail-bg">Fail</span></td>
        <td>22:55:14</td>
        <td>
          Test failed on browser: chrome org.openqa.selenium.StaleElementReferenceException: stale element reference: stale element not found
  (Session info: chrome=138.0.7204.97)
For documentation on this error, please visit: https://www.selenium.dev/documentation/webdriver/troubleshooting/errors#stale-element-reference-exception
Build info: version: '4.21.0', revision: '79ed462ef4'
System info: os.name: 'Windows 11', os.arch: 'amd64', os.version: '10.0', java.version: '21.0.5'
Driver info: org.openqa.selenium.chrome.ChromeDriver
Command: [c4679bb4ffdfc1e0f16e648cd802b63f, clickElement {id=f.BE66808DB9B164BCBDE0EF61697C8DCD.d.5B6013761B5B8A47ABF584754AE4BD85.e.98}]
Capabilities {acceptInsecureCerts: false, browserName: chrome, browserVersion: 138.0.7204.97, chrome: {chromedriverVersion: 138.0.7204.157 (e533e98b126..., userDataDir: C:\Users\sures\AppData\Loca...}, fedcm:accounts: true, goog:chromeOptions: {debuggerAddress: localhost:55894}, networkConnectionEnabled: false, pageLoadStrategy: normal, platformName: windows, proxy: Proxy(), se:cdp: ws://localhost:55894/devtoo..., se:cdpVersion: 138.0.7204.97, setWindowRect: true, strictFileInteractability: false, timeouts: {implicit: 0, pageLoad: 300000, script: 30000}, unhandledPromptBehavior: dismiss and notify, webauthn:extension:credBlob: true, webauthn:extension:largeBlob: true, webauthn:extension:minPinLength: true, webauthn:extension:prf: true, webauthn:virtualAuthenticators: true}
Element: [[ChromeDriver: chrome on windows (c4679bb4ffdfc1e0f16e648cd802b63f)] -> id: cartur]
Session ID: c4679bb4ffdfc1e0f16e648cd802b63f
        </td>
      </tr>
  </tbody>
</table>
</div>
          </div>
        </li>
        <li class="test-item"  status="pass" test-id="24"
          author=""
          tag="CHROME"
          device="">
          <div class="test-detail">
            <p class="name">blankSignUp</p>
            <p class="text-sm">
              <span>22:55:15</span> / <span>00:00:01:895</span>
              <span class="badge pass-bg log float-right">Pass</span>
            </p>
          </div>
          <div class="test-contents d-none">
<div class="detail-head">
<div class="p-v-10">
<div class="info">
<h5 class="test-status text-pass">blankSignUp</h5>
<span class='badge badge-success'>07.15.2025 22:55:15</span>
<span class='badge badge-danger'>07.15.2025 22:55:17</span>
<span class='badge badge-default'>00:00:01:895</span>
&middot; <span class='uri-anchor badge badge-default'>#test-id=24</span>
<span title='Skip to the next failed step' class='badge badge-danger pointer float-right ne ml-1'><i class="fa fa-fast-forward"></i></span>
<span title='Collapse all nodes' class='badge badge-default pointer float-right ct ml-1'><i class="fa fa-compress"></i></span>
<span title='Expand all nodes' class='badge badge-default pointer float-right et'><i class="fa fa-expand"></i></span>
</div>
<div class="m-t-15"><span class="badge badge-pill badge-default">CHROME</span></div>
</div>
</div>    <div class="row mb-3"><div class="col-md-3">
<img data-featherlight='screenshots/blankSignUp_20250715225517.png' src="screenshots/blankSignUp_20250715225517.png">
    <div class="title">Passed Screenshot</div>
    </div></div>
<div class="detail-body mt-4">
<table class="table table-sm">
  <thead><tr><th class="status-col">Status</th><th class="timestamp-col">Timestamp</th><th class="details-col">Details</th></tr></thead>
  <tbody>
      <tr class="event-row">
        <td><span class="badge log pass-bg">Pass</span></td>
        <td>22:55:17</td>
        <td>
          Test Passed
        </td>
      </tr>
  </tbody>
</table>
</div>
          </div>
        </li>
        <li class="test-item"  status="fail" test-id="25"
          author=""
          tag="CHROME"
          device="">
          <div class="test-detail">
            <p class="name">removeProductFromTheCart</p>
            <p class="text-sm">
              <span>22:55:19</span> / <span>00:00:01:965</span>
              <span class="badge fail-bg log float-right">Fail</span>
            </p>
          </div>
          <div class="test-contents d-none">
<div class="detail-head">
<div class="p-v-10">
<div class="info">
<h5 class="test-status text-fail">removeProductFromTheCart</h5>
<span class='badge badge-success'>07.15.2025 22:55:19</span>
<span class='badge badge-danger'>07.15.2025 22:55:21</span>
<span class='badge badge-default'>00:00:01:965</span>
&middot; <span class='uri-anchor badge badge-default'>#test-id=25</span>
<span title='Skip to the next failed step' class='badge badge-danger pointer float-right ne ml-1'><i class="fa fa-fast-forward"></i></span>
<span title='Collapse all nodes' class='badge badge-default pointer float-right ct ml-1'><i class="fa fa-compress"></i></span>
<span title='Expand all nodes' class='badge badge-default pointer float-right et'><i class="fa fa-expand"></i></span>
</div>
<div class="m-t-15"><span class="badge badge-pill badge-default">CHROME</span></div>
</div>
</div>    <div class="row mb-3"><div class="col-md-3">
<img data-featherlight='screenshots/removeProductFromTheCart_20250715225521.png' src="screenshots/removeProductFromTheCart_20250715225521.png">
    <div class="title">Failure Screenshot</div>
    </div></div>
<div class="detail-body mt-4">
<table class="table table-sm">
  <thead><tr><th class="status-col">Status</th><th class="timestamp-col">Timestamp</th><th class="details-col">Details</th></tr></thead>
  <tbody>
      <tr class="event-row">
        <td><span class="badge log fail-bg">Fail</span></td>
        <td>22:55:21</td>
        <td>
          Test failed on browser: chrome org.openqa.selenium.StaleElementReferenceException: stale element reference: stale element not found
  (Session info: chrome=138.0.7204.97)
For documentation on this error, please visit: https://www.selenium.dev/documentation/webdriver/troubleshooting/errors#stale-element-reference-exception
Build info: version: '4.21.0', revision: '79ed462ef4'
System info: os.name: 'Windows 11', os.arch: 'amd64', os.version: '10.0', java.version: '21.0.5'
Driver info: org.openqa.selenium.chrome.ChromeDriver
Command: [3a32bb4d41031947929052c131de25f0, clickElement {id=f.5FA2C34BF81F8781AD9044EF58D90A11.d.DA087847D579207C4B4E7B8EB38516DA.e.99}]
Capabilities {acceptInsecureCerts: false, browserName: chrome, browserVersion: 138.0.7204.97, chrome: {chromedriverVersion: 138.0.7204.157 (e533e98b126..., userDataDir: C:\Users\sures\AppData\Loca...}, fedcm:accounts: true, goog:chromeOptions: {debuggerAddress: localhost:55941}, networkConnectionEnabled: false, pageLoadStrategy: normal, platformName: windows, proxy: Proxy(), se:cdp: ws://localhost:55941/devtoo..., se:cdpVersion: 138.0.7204.97, setWindowRect: true, strictFileInteractability: false, timeouts: {implicit: 0, pageLoad: 300000, script: 30000}, unhandledPromptBehavior: dismiss and notify, webauthn:extension:credBlob: true, webauthn:extension:largeBlob: true, webauthn:extension:minPinLength: true, webauthn:extension:prf: true, webauthn:virtualAuthenticators: true}
Element: [[ChromeDriver: chrome on windows (3a32bb4d41031947929052c131de25f0)] -> id: cartur]
Session ID: 3a32bb4d41031947929052c131de25f0
        </td>
      </tr>
  </tbody>
</table>
</div>
          </div>
        </li>
        <li class="test-item"  status="fail" test-id="26"
          author=""
          tag="CHROME"
          device="">
          <div class="test-detail">
            <p class="name">addMultipleProductsToCart</p>
            <p class="text-sm">
              <span>22:55:23</span> / <span>00:00:12:243</span>
              <span class="badge fail-bg log float-right">Fail</span>
            </p>
          </div>
          <div class="test-contents d-none">
<div class="detail-head">
<div class="p-v-10">
<div class="info">
<h5 class="test-status text-fail">addMultipleProductsToCart</h5>
<span class='badge badge-success'>07.15.2025 22:55:23</span>
<span class='badge badge-danger'>07.15.2025 22:55:35</span>
<span class='badge badge-default'>00:00:12:243</span>
&middot; <span class='uri-anchor badge badge-default'>#test-id=26</span>
<span title='Skip to the next failed step' class='badge badge-danger pointer float-right ne ml-1'><i class="fa fa-fast-forward"></i></span>
<span title='Collapse all nodes' class='badge badge-default pointer float-right ct ml-1'><i class="fa fa-compress"></i></span>
<span title='Expand all nodes' class='badge badge-default pointer float-right et'><i class="fa fa-expand"></i></span>
</div>
<div class="m-t-15"><span class="badge badge-pill badge-default">CHROME</span></div>
</div>
</div>    <div class="row mb-3"><div class="col-md-3">
<img data-featherlight='screenshots/addMultipleProductsToCart_20250715225535.png' src="screenshots/addMultipleProductsToCart_20250715225535.png">
    <div class="title">Failure Screenshot</div>
    </div></div>
<div class="detail-body mt-4">
<table class="table table-sm">
  <thead><tr><th class="status-col">Status</th><th class="timestamp-col">Timestamp</th><th class="details-col">Details</th></tr></thead>
  <tbody>
      <tr class="event-row">
        <td><span class="badge log fail-bg">Fail</span></td>
        <td>22:55:35</td>
        <td>
          Test failed on browser: chrome org.openqa.selenium.TimeoutException: Expected condition failed: waiting for visibility of element located by By.className: name (tried for 10 second(s) with 500 milliseconds interval)
Build info: version: '4.21.0', revision: '79ed462ef4'
System info: os.name: 'Windows 11', os.arch: 'amd64', os.version: '10.0', java.version: '21.0.5'
Driver info: org.openqa.selenium.chrome.ChromeDriver
Capabilities {acceptInsecureCerts: false, browserName: chrome, browserVersion: 138.0.7204.97, chrome: {chromedriverVersion: 138.0.7204.157 (e533e98b126..., userDataDir: C:\Users\sures\AppData\Loca...}, fedcm:accounts: true, goog:chromeOptions: {debuggerAddress: localhost:55964}, networkConnectionEnabled: false, pageLoadStrategy: normal, platformName: windows, proxy: Proxy(), se:cdp: ws://localhost:55964/devtoo..., se:cdpVersion: 138.0.7204.97, setWindowRect: true, strictFileInteractability: false, timeouts: {implicit: 0, pageLoad: 300000, script: 30000}, unhandledPromptBehavior: dismiss and notify, webauthn:extension:credBlob: true, webauthn:extension:largeBlob: true, webauthn:extension:minPinLength: true, webauthn:extension:prf: true, webauthn:virtualAuthenticators: true}
Session ID: edce6b5b7b05f7cf14efd50c9e4ce252
        </td>
      </tr>
  </tbody>
</table>
</div>
          </div>
        </li>
        <li class="test-item"  status="fail" test-id="27"
          author=""
          tag="CHROME"
          device="">
          <div class="test-detail">
            <p class="name">placeOrderWithValidDetails</p>
            <p class="text-sm">
              <span>22:55:37</span> / <span>00:00:12:472</span>
              <span class="badge fail-bg log float-right">Fail</span>
            </p>
          </div>
          <div class="test-contents d-none">
<div class="detail-head">
<div class="p-v-10">
<div class="info">
<h5 class="test-status text-fail">placeOrderWithValidDetails</h5>
<span class='badge badge-success'>07.15.2025 22:55:37</span>
<span class='badge badge-danger'>07.15.2025 22:55:50</span>
<span class='badge badge-default'>00:00:12:472</span>
&middot; <span class='uri-anchor badge badge-default'>#test-id=27</span>
<span title='Skip to the next failed step' class='badge badge-danger pointer float-right ne ml-1'><i class="fa fa-fast-forward"></i></span>
<span title='Collapse all nodes' class='badge badge-default pointer float-right ct ml-1'><i class="fa fa-compress"></i></span>
<span title='Expand all nodes' class='badge badge-default pointer float-right et'><i class="fa fa-expand"></i></span>
</div>
<div class="m-t-15"><span class="badge badge-pill badge-default">CHROME</span></div>
</div>
</div>    <div class="row mb-3"><div class="col-md-3">
<img data-featherlight='screenshots/placeOrderWithValidDetails_20250715225549.png' src="screenshots/placeOrderWithValidDetails_20250715225549.png">
    <div class="title">Failure Screenshot</div>
    </div></div>
<div class="detail-body mt-4">
<table class="table table-sm">
  <thead><tr><th class="status-col">Status</th><th class="timestamp-col">Timestamp</th><th class="details-col">Details</th></tr></thead>
  <tbody>
      <tr class="event-row">
        <td><span class="badge log fail-bg">Fail</span></td>
        <td>22:55:49</td>
        <td>
          Test failed on browser: chrome org.openqa.selenium.TimeoutException: Expected condition failed: waiting for visibility of element located by By.className: name (tried for 10 second(s) with 500 milliseconds interval)
Build info: version: '4.21.0', revision: '79ed462ef4'
System info: os.name: 'Windows 11', os.arch: 'amd64', os.version: '10.0', java.version: '21.0.5'
Driver info: org.openqa.selenium.chrome.ChromeDriver
Capabilities {acceptInsecureCerts: false, browserName: chrome, browserVersion: 138.0.7204.97, chrome: {chromedriverVersion: 138.0.7204.157 (e533e98b126..., userDataDir: C:\Users\sures\AppData\Loca...}, fedcm:accounts: true, goog:chromeOptions: {debuggerAddress: localhost:55999}, networkConnectionEnabled: false, pageLoadStrategy: normal, platformName: windows, proxy: Proxy(), se:cdp: ws://localhost:55999/devtoo..., se:cdpVersion: 138.0.7204.97, setWindowRect: true, strictFileInteractability: false, timeouts: {implicit: 0, pageLoad: 300000, script: 30000}, unhandledPromptBehavior: dismiss and notify, webauthn:extension:credBlob: true, webauthn:extension:largeBlob: true, webauthn:extension:minPinLength: true, webauthn:extension:prf: true, webauthn:virtualAuthenticators: true}
Session ID: 81a666b6046d6a82bf6c8fa9fbdceb68
        </td>
      </tr>
  </tbody>
</table>
</div>
          </div>
        </li>
        <li class="test-item"  status="fail" test-id="28"
          author=""
          tag="CHROME"
          device="">
          <div class="test-detail">
            <p class="name">placeOrderWithEmptyForm</p>
            <p class="text-sm">
              <span>22:55:51</span> / <span>00:00:03:193</span>
              <span class="badge fail-bg log float-right">Fail</span>
            </p>
          </div>
          <div class="test-contents d-none">
<div class="detail-head">
<div class="p-v-10">
<div class="info">
<h5 class="test-status text-fail">placeOrderWithEmptyForm</h5>
<span class='badge badge-success'>07.15.2025 22:55:51</span>
<span class='badge badge-danger'>07.15.2025 22:55:54</span>
<span class='badge badge-default'>00:00:03:193</span>
&middot; <span class='uri-anchor badge badge-default'>#test-id=28</span>
<span title='Skip to the next failed step' class='badge badge-danger pointer float-right ne ml-1'><i class="fa fa-fast-forward"></i></span>
<span title='Collapse all nodes' class='badge badge-default pointer float-right ct ml-1'><i class="fa fa-compress"></i></span>
<span title='Expand all nodes' class='badge badge-default pointer float-right et'><i class="fa fa-expand"></i></span>
</div>
<div class="m-t-15"><span class="badge badge-pill badge-default">CHROME</span></div>
</div>
</div>    <div class="row mb-3"><div class="col-md-3">
<img data-featherlight='screenshots/placeOrderWithEmptyForm_20250715225554.png' src="screenshots/placeOrderWithEmptyForm_20250715225554.png">
    <div class="title">Failure Screenshot</div>
    </div></div>
<div class="detail-body mt-4">
<table class="table table-sm">
  <thead><tr><th class="status-col">Status</th><th class="timestamp-col">Timestamp</th><th class="details-col">Details</th></tr></thead>
  <tbody>
      <tr class="event-row">
        <td><span class="badge log fail-bg">Fail</span></td>
        <td>22:55:54</td>
        <td>
          Test failed on browser: chrome org.openqa.selenium.StaleElementReferenceException: stale element reference: stale element not found
  (Session info: chrome=138.0.7204.97)
For documentation on this error, please visit: https://www.selenium.dev/documentation/webdriver/troubleshooting/errors#stale-element-reference-exception
Build info: version: '4.21.0', revision: '79ed462ef4'
System info: os.name: 'Windows 11', os.arch: 'amd64', os.version: '10.0', java.version: '21.0.5'
Driver info: org.openqa.selenium.chrome.ChromeDriver
Command: [8a847d17dffc305b64459c59fc15288b, clickElement {id=f.BD3283F7E2D0F32A92BC371BFD623DA1.d.9B8EB51A3933EEB6C49FD495016EE70D.e.130}]
Capabilities {acceptInsecureCerts: false, browserName: chrome, browserVersion: 138.0.7204.97, chrome: {chromedriverVersion: 138.0.7204.157 (e533e98b126..., userDataDir: C:\Users\sures\AppData\Loca...}, fedcm:accounts: true, goog:chromeOptions: {debuggerAddress: localhost:56038}, networkConnectionEnabled: false, pageLoadStrategy: normal, platformName: windows, proxy: Proxy(), se:cdp: ws://localhost:56038/devtoo..., se:cdpVersion: 138.0.7204.97, setWindowRect: true, strictFileInteractability: false, timeouts: {implicit: 0, pageLoad: 300000, script: 30000}, unhandledPromptBehavior: dismiss and notify, webauthn:extension:credBlob: true, webauthn:extension:largeBlob: true, webauthn:extension:minPinLength: true, webauthn:extension:prf: true, webauthn:virtualAuthenticators: true}
Element: [[ChromeDriver: chrome on windows (8a847d17dffc305b64459c59fc15288b)] -> id: cartur]
Session ID: 8a847d17dffc305b64459c59fc15288b
        </td>
      </tr>
  </tbody>
</table>
</div>
          </div>
        </li>
      </ul>
    </div>
  </div>
<div class="test-content scrollable">
<div class="test-content-tools">
<ul><li><a class="back-to-test" href="#"><i class="fa fa-arrow-left"></i></a></li></ul>
</div>
<div class="test-content-detail"><div class="detail-body"></div></div>
</div></div>
<div class="test-wrapper row view category-view attributes-view">
<div class="test-list">
<div class="test-list-tools">
<ul class="tools pull-left"><li><a href=""><span class="font-size-14">Category</span></a></li></ul>
<ul class="tools text-right"><li><a href="#"><span class="badge badge-primary">1</span></a></li></ul>
</div>
<div class="test-list-wrapper scrollable">
<ul class="test-list-item">
<li class="test-item">
<div class="test-detail">
<span class="meta">
<span class='badge log pass-bg'>15</span>
<span class='badge log badge-danger'>13</span>
</span>
<p class="name">CHROME</p>
<p class="duration text-sm">28 tests</p>
</div>
<div class="test-contents d-none">
<div class="info">
<h4>CHROME</h4>
<span status="pass" class='badge log pass-bg'>15 passed</span>
<span status="fail" class='badge log badge-danger'>13 failed</span>
</div>
<table class='table table-sm mt-4'>
<thead>
<tr>
<th class="status-col">Status</th>
<th class="timestamp-col">Timestamp</th>
<th>TestName</th>
</tr>
</thead>
<tbody>
<tr class="tag-test-status" status="pass">
<td><span class="badge log pass-bg">Pass</span></td>
<td>22:53:36 pm</td>
<td>
<a href="#" class="linked" test-id='1' id='1'>testAddToCartAndValidateInCart</a>
</td>
</tr>
<tr class="tag-test-status" status="pass">
<td><span class="badge log pass-bg">Pass</span></td>
<td>22:53:45 pm</td>
<td>
<a href="#" class="linked" test-id='2' id='2'>testBrowseCategoryLaptops</a>
</td>
</tr>
<tr class="tag-test-status" status="pass">
<td><span class="badge log pass-bg">Pass</span></td>
<td>22:53:50 pm</td>
<td>
<a href="#" class="linked" test-id='3' id='3'>testBrowseCategoryMonitors</a>
</td>
</tr>
<tr class="tag-test-status" status="pass">
<td><span class="badge log pass-bg">Pass</span></td>
<td>22:53:53 pm</td>
<td>
<a href="#" class="linked" test-id='4' id='4'>testBrowseCategoryPhones</a>
</td>
</tr>
<tr class="tag-test-status" status="fail">
<td><span class="badge log fail-bg">Fail</span></td>
<td>22:53:55 pm</td>
<td>
<a href="#" class="linked" test-id='5' id='5'>testContactModalUI</a>
</td>
</tr>
<tr class="tag-test-status" status="fail">
<td><span class="badge log fail-bg">Fail</span></td>
<td>22:54:00 pm</td>
<td>
<a href="#" class="linked" test-id='6' id='6'>testDeleteProductFromCart</a>
</td>
</tr>
<tr class="tag-test-status" status="fail">
<td><span class="badge log fail-bg">Fail</span></td>
<td>22:54:15 pm</td>
<td>
<a href="#" class="linked" test-id='7' id='7'>testNavBarAfterLogin</a>
</td>
</tr>
<tr class="tag-test-status" status="fail">
<td><span class="badge log fail-bg">Fail</span></td>
<td>22:54:18 pm</td>
<td>
<a href="#" class="linked" test-id='8' id='8'>testNavigateUsingNavbarLinks</a>
</td>
</tr>
<tr class="tag-test-status" status="fail">
<td><span class="badge log fail-bg">Fail</span></td>
<td>22:54:20 pm</td>
<td>
<a href="#" class="linked" test-id='9' id='9'>testVerifyHomeNavigation</a>
</td>
</tr>
<tr class="tag-test-status" status="pass">
<td><span class="badge log pass-bg">Pass</span></td>
<td>22:54:23 pm</td>
<td>
<a href="#" class="linked" test-id='10' id='10'>testViewProductDetails</a>
</td>
</tr>
<tr class="tag-test-status" status="pass">
<td><span class="badge log pass-bg">Pass</span></td>
<td>22:54:27 pm</td>
<td>
<a href="#" class="linked" test-id='11' id='11'>validSignUp</a>
</td>
</tr>
<tr class="tag-test-status" status="fail">
<td><span class="badge log fail-bg">Fail</span></td>
<td>22:54:31 pm</td>
<td>
<a href="#" class="linked" test-id='12' id='12'>testLoginFormButtonsAreVisible</a>
</td>
</tr>
<tr class="tag-test-status" status="pass">
<td><span class="badge log pass-bg">Pass</span></td>
<td>22:54:34 pm</td>
<td>
<a href="#" class="linked" test-id='13' id='13'>testSuccessfulLogin</a>
</td>
</tr>
<tr class="tag-test-status" status="pass">
<td><span class="badge log pass-bg">Pass</span></td>
<td>22:54:39 pm</td>
<td>
<a href="#" class="linked" test-id='14' id='14'>verifyLoginWithEmptyFields</a>
</td>
</tr>
<tr class="tag-test-status" status="pass">
<td><span class="badge log pass-bg">Pass</span></td>
<td>22:54:42 pm</td>
<td>
<a href="#" class="linked" test-id='15' id='15'>verifyLoginWithInCorrectUserNameAndPassword</a>
</td>
</tr>
<tr class="tag-test-status" status="pass">
<td><span class="badge log pass-bg">Pass</span></td>
<td>22:54:45 pm</td>
<td>
<a href="#" class="linked" test-id='16' id='16'>verifyLoginWithValidCredentials</a>
</td>
</tr>
<tr class="tag-test-status" status="fail">
<td><span class="badge log fail-bg">Fail</span></td>
<td>22:54:48 pm</td>
<td>
<a href="#" class="linked" test-id='17' id='17'>testHorizontalScrollingOnIphone15Pro</a>
</td>
</tr>
<tr class="tag-test-status" status="fail">
<td><span class="badge log fail-bg">Fail</span></td>
<td>22:54:52 pm</td>
<td>
<a href="#" class="linked" test-id='18' id='18'>testHorizontalScrollingOnIphone8</a>
</td>
</tr>
<tr class="tag-test-status" status="pass">
<td><span class="badge log pass-bg">Pass</span></td>
<td>22:54:55 pm</td>
<td>
<a href="#" class="linked" test-id='19' id='19'>verifyPasswordFieldIsMasked</a>
</td>
</tr>
<tr class="tag-test-status" status="pass">
<td><span class="badge log pass-bg">Pass</span></td>
<td>22:54:58 pm</td>
<td>
<a href="#" class="linked" test-id='20' id='20'>verifyPasswordFieldIsMasked</a>
</td>
</tr>
<tr class="tag-test-status" status="pass">
<td><span class="badge log pass-bg">Pass</span></td>
<td>22:55:02 pm</td>
<td>
<a href="#" class="linked" test-id='21' id='21'>addProductToCart</a>
</td>
</tr>
<tr class="tag-test-status" status="pass">
<td><span class="badge log pass-bg">Pass</span></td>
<td>22:55:08 pm</td>
<td>
<a href="#" class="linked" test-id='22' id='22'>inValidSignUp</a>
</td>
</tr>
<tr class="tag-test-status" status="fail">
<td><span class="badge log fail-bg">Fail</span></td>
<td>22:55:12 pm</td>
<td>
<a href="#" class="linked" test-id='23' id='23'>viewCartWithAddedProducts</a>
</td>
</tr>
<tr class="tag-test-status" status="pass">
<td><span class="badge log pass-bg">Pass</span></td>
<td>22:55:15 pm</td>
<td>
<a href="#" class="linked" test-id='24' id='24'>blankSignUp</a>
</td>
</tr>
<tr class="tag-test-status" status="fail">
<td><span class="badge log fail-bg">Fail</span></td>
<td>22:55:19 pm</td>
<td>
<a href="#" class="linked" test-id='25' id='25'>removeProductFromTheCart</a>
</td>
</tr>
<tr class="tag-test-status" status="fail">
<td><span class="badge log fail-bg">Fail</span></td>
<td>22:55:23 pm</td>
<td>
<a href="#" class="linked" test-id='26' id='26'>addMultipleProductsToCart</a>
</td>
</tr>
<tr class="tag-test-status" status="fail">
<td><span class="badge log fail-bg">Fail</span></td>
<td>22:55:37 pm</td>
<td>
<a href="#" class="linked" test-id='27' id='27'>placeOrderWithValidDetails</a>
</td>
</tr>
<tr class="tag-test-status" status="fail">
<td><span class="badge log fail-bg">Fail</span></td>
<td>22:55:51 pm</td>
<td>
<a href="#" class="linked" test-id='28' id='28'>placeOrderWithEmptyForm</a>
</td>
</tr>
</tbody>
</table>
</div>
</li>
</ul>
</div>
</div>
<div class="test-content scrollable">
<div class="test-content-detail">
<div class="detail-body"></div>
</div>
</div>
</div><div class="container-fluid p-4 view dashboard-view">
<div class="row">
<div class="col-md-3">
<div class="card"><div class="card-body">
<p class="m-b-0">Started</p>
<h3>Jul 15, 2025 10:53:33 pm</h3>
</div></div>
</div>
<div class="col-md-3">
<div class="card"><div class="card-body">
<p class="m-b-0">Ended</p>
<h3>Jul 15, 2025 10:55:55 pm</h3>
</div></div>
</div>
<div class="col-md-3">
<div class="card"><div class="card-body">
<p class="m-b-0 text-pass">Tests Passed</p>
<h3>15</h3>
</div></div>
</div>
<div class="col-md-3">
<div class="card"><div class="card-body">
<p class="m-b-0 text-fail">Tests Failed</p>
<h3>13</h3>
</div></div>
</div>
</div>
<div class="row">
<div class="col-md-6">
<div class="card">
<div class="card-header">
<h6 class="card-title">Tests</h6>
</div>
<div class="card-body">
<div class="">
<canvas id='parent-analysis' width='115' height='90'></canvas>
</div>
</div>
<div class="card-footer">
<div><small data-tooltip='53%'>
<b>15</b> tests passed
</small>
</div>
<div>
<small data-tooltip='46%'><b>13</b> tests failed,
<b>0</b> skipped, <b data-tooltip='0%'>0</b> others
</small>
</div>
</div>
</div>
</div>
<div class="col-md-6">
<div class="card">
<div class="card-header">
<h6 class="card-title">Log events</h6>
</div>
<div class="card-body">
<div class="">
<canvas id='events-analysis' width='115' height='90'></canvas>
</div>
</div>
<div class="card-footer">
<div><small data-tooltip='53%'><b>15</b> events passed</small></div>
<div>
<small data-tooltip='46%'><b>13</b> events failed,
<b data-tooltip='%'>0</b> others
</small>
</div>
</div>
</div>
</div>
</div>
<div class="row"><div class="col-md-12">
<div class="card"><div class="card-header"><p>Timeline</p></div>
<div class="card-body pt-0"><div>
<canvas id="timeline" height="120"></canvas>
</div></div>
</div>
</div></div>
<script>
var timeline = {
"testAddToCartAndValidateInCart":8.329,"testBrowseCategoryLaptops":1.828,"testBrowseCategoryMonitors":1.11,"testBrowseCategoryPhones":1.16,"testContactModalUI":3.348,"testDeleteProductFromCart":12.34,"testNavBarAfterLogin":1.374,"testNavigateUsingNavbarLinks":0.291,"testVerifyHomeNavigation":1.53,"testViewProductDetails":2.401,"validSignUp":1.913,"testLoginFormButtonsAreVisible":0.436,"testSuccessfulLogin":2.586,"verifyLoginWithEmptyFields":1.254,"verifyLoginWithInCorrectUserNameAndPassword":1.834,"verifyLoginWithValidCredentials":1.163,"testHorizontalScrollingOnIphone15Pro":1.606,"testHorizontalScrollingOnIphone8":1.707,"verifyPasswordFieldIsMasked":1.073,"verifyPasswordFieldIsMasked":1.175,"addProductToCart":4.659,"inValidSignUp":1.8,"viewCartWithAddedProducts":2.084,"blankSignUp":1.895,"removeProductFromTheCart":1.965,"addMultipleProductsToCart":12.243,"placeOrderWithValidDetails":12.472,"placeOrderWithEmptyForm":3.193
};
</script>
<div class="row">
<div class="col-lg-6 col-md-12 category-container">
<div class="card">
<div class="card-header"><p>Tags</p></div>
<div class="card-body pb-0 pt-0"><table class="table table-sm table-bordered">
<thead><tr class="bg-gray"><th>Name</th><th>Passed</th><th>Failed</th><th>Skipped</th><th>Others</th><th>Passed %</th></tr></thead><tbody>
<tr>
<td>CHROME</td>
<td>15</td>
<td>13</td>
<td>0</td>
<td>0</td>
<td>53.571%</td>
</tr>
</tbody>
</table></div>
</div>
</div>
<div class="col-lg-6 col-md-12 sysenv-container">
<div class="card">
<div class="card-header"><p>System/Environment</p></div>
<div class="card-body pb-0 pt-0"><table class="table table-sm table-bordered">
<thead><tr class="bg-gray"><th>Name</th><th>Value</th></tr></thead>
<tbody>
<tr>
<td>Project</td>
<td>Automation Framework</td>
</tr>
</tbody>
</table></div>
</div>
</div>
</div>
</div>
<script>
var statusGroup = {
parentCount: 5,
passParent: 15,
failParent: 13,
warningParent: 0,
skipParent: 0,
childCount: 5,
passChild: 0,
failChild: 0,
warningChild: 0,
skipChild: 0,
infoChild: 0,
grandChildCount: 5,
passGrandChild: 0,
failGrandChild: 0,
warningGrandChild: 0,
skipGrandChild: 0,
infoGrandChild: 0,
eventsCount: 5,
passEvents: 15,
failEvents: 13,
warningEvents: 0,
skipEvents: 0,
infoEvents: 0
};
</script>        </div>
      </div>
    </div>
  </div>
<script src="https://cdn.jsdelivr.net/gh/extent-framework/extent-github-cdn@ce8b10435bcbae260c334c0d0c6b61d2c19b6168/spark/js/spark-script.js"></script>
<script type="text/javascript"></script></body>
</html>