<!DOCTYPE html>

<html>
  <head>
  <meta charset='utf-8'>
  <title>TestNG reports</title>

    <link type="text/css" href="testng-reports1.css" rel="stylesheet" id="ultra" />
    <link type="text/css" href="testng-reports.css" rel="stylesheet" id="retro" disabled="false"/>
    <script type="text/javascript" src="jquery-3.6.0.min.js"></script>
    <script type="text/javascript" src="testng-reports.js"></script>
    <script type="text/javascript" src="https://www.google.com/jsapi"></script>
    <script type='text/javascript'>
      google.load('visualization', '1', {packages:['table']});
      google.setOnLoadCallback(drawTable);
      var suiteTableInitFunctions = new Array();
      var suiteTableData = new Array();
    </script>
    <!--
      <script type="text/javascript" src="jquery-ui/js/jquery-ui-1.8.16.custom.min.js"></script>
     -->
  </head>

  <body>    <div class="top-banner-root">
      <span class="top-banner-title-font">Test results</span>
      <button id="button" class="button">Switch Retro Theme</button> <!-- button -->
      <br/>
      <span class="top-banner-font-1">1 suite, 13 failed tests</span>
    </div> <!-- top-banner-root -->
    <div class="navigator-root">
      <div class="navigator-suite-header">
        <span>All suites</span>
        <a href="#" title="Collapse/expand all the suites" class="collapse-all-link">
          <img src="collapseall.gif" class="collapse-all-icon">
          </img> <!-- collapse-all-icon -->
        </a> <!-- collapse-all-link -->
      </div> <!-- navigator-suite-header -->
      <div class="suite">
        <div class="rounded-window">
          <div class="suite-header light-rounded-window-top">
            <a href="#" panel-name="suite-ECommerceSuite" class="navigator-link">
              <span class="suite-name border-failed">ECommerceSuite</span>
            </a> <!-- navigator-link -->
          </div> <!-- suite-header light-rounded-window-top -->
          <div class="navigator-suite-content">
            <div class="suite-section-title">
              <span>Info</span>
            </div> <!-- suite-section-title -->
            <div class="suite-section-content">
              <ul>
                <li>
                  <a href="#" panel-name="test-xml-ECommerceSuite" class="navigator-link ">
                    <span>C:\Users\sures\eclipse-workspace\SudhaLearning\ECommerceSystemOriginal\testng.xml</span>
                  </a> <!-- navigator-link  -->
                </li>
                <li>
                  <a href="#" panel-name="testlist-ECommerceSuite" class="navigator-link ">
                    <span class="test-stats">1 test</span>
                  </a> <!-- navigator-link  -->
                </li>
                <li>
                  <a href="#" panel-name="group-ECommerceSuite" class="navigator-link ">
                    <span>1 group</span>
                  </a> <!-- navigator-link  -->
                </li>
                <li>
                  <a href="#" panel-name="times-ECommerceSuite" class="navigator-link ">
                    <span>Times</span>
                  </a> <!-- navigator-link  -->
                </li>
                <li>
                  <a href="#" panel-name="reporter-ECommerceSuite" class="navigator-link ">
                    <span>Reporter output</span>
                  </a> <!-- navigator-link  -->
                </li>
                <li>
                  <a href="#" panel-name="ignored-methods-ECommerceSuite" class="navigator-link ">
                    <span>Ignored methods</span>
                  </a> <!-- navigator-link  -->
                </li>
                <li>
                  <a href="#" panel-name="chronological-ECommerceSuite" class="navigator-link ">
                    <span>Chronological view</span>
                  </a> <!-- navigator-link  -->
                </li>
              </ul>
            </div> <!-- suite-section-content -->
            <div class="result-section">
              <div class="suite-section-title">
                <span>Results</span>
              </div> <!-- suite-section-title -->
              <div class="suite-section-content">
                <ul>
                  <li>
                    <span class="method-stats">28 methods, 13 failed,   15 passed</span>
                  </li>
                  <li>
                    <span class="method-list-title failed">Failed methods</span>
                    <span class="show-or-hide-methods failed">
                      <a href="#" panel-name="suite-ECommerceSuite" class="hide-methods failed suite-ECommerceSuite"> (hide)</a> <!-- hide-methods failed suite-ECommerceSuite -->
                      <a href="#" panel-name="suite-ECommerceSuite" class="show-methods failed suite-ECommerceSuite"> (show)</a> <!-- show-methods failed suite-ECommerceSuite -->
                    </span>
                    <div class="method-list-content failed suite-ECommerceSuite">
                      <span>
                        <img src="failed.png" width="3%"/>
                        <a href="#" panel-name="suite-ECommerceSuite" title="com.sudha.ecommerce.tests.CartTest" class="method navigator-link" hash-for-method="addMultipleProductsToCart">addMultipleProductsToCart</a> <!-- method navigator-link -->
                      </span>
                      <br/>
                      <span>
                        <img src="failed.png" width="3%"/>
                        <a href="#" panel-name="suite-ECommerceSuite" title="com.sudha.ecommerce.tests.OrderTest" class="method navigator-link" hash-for-method="placeOrderWithEmptyForm">placeOrderWithEmptyForm</a> <!-- method navigator-link -->
                      </span>
                      <br/>
                      <span>
                        <img src="failed.png" width="3%"/>
                        <a href="#" panel-name="suite-ECommerceSuite" title="com.sudha.ecommerce.tests.OrderTest" class="method navigator-link" hash-for-method="placeOrderWithValidDetails">placeOrderWithValidDetails</a> <!-- method navigator-link -->
                      </span>
                      <br/>
                      <span>
                        <img src="failed.png" width="3%"/>
                        <a href="#" panel-name="suite-ECommerceSuite" title="com.sudha.ecommerce.tests.CartTest" class="method navigator-link" hash-for-method="removeProductFromTheCart">removeProductFromTheCart</a> <!-- method navigator-link -->
                      </span>
                      <br/>
                      <span>
                        <img src="failed.png" width="3%"/>
                        <a href="#" panel-name="suite-ECommerceSuite" title="com.sudha.ecommerce.tests.HomePageTest" class="method navigator-link" hash-for-method="testContactModalUI">testContactModalUI</a> <!-- method navigator-link -->
                      </span>
                      <br/>
                      <span>
                        <img src="failed.png" width="3%"/>
                        <a href="#" panel-name="suite-ECommerceSuite" title="com.sudha.ecommerce.tests.HomePageTest" class="method navigator-link" hash-for-method="testDeleteProductFromCart">testDeleteProductFromCart</a> <!-- method navigator-link -->
                      </span>
                      <br/>
                      <span>
                        <img src="failed.png" width="3%"/>
                        <a href="#" panel-name="suite-ECommerceSuite" title="com.sudha.ecommerce.tests.ResponsiveDesignTest" class="method navigator-link" hash-for-method="testHorizontalScrollingOnIphone15Pro">testHorizontalScrollingOnIphone15Pro</a> <!-- method navigator-link -->
                      </span>
                      <br/>
                      <span>
                        <img src="failed.png" width="3%"/>
                        <a href="#" panel-name="suite-ECommerceSuite" title="com.sudha.ecommerce.tests.ResponsiveDesignTest" class="method navigator-link" hash-for-method="testHorizontalScrollingOnIphone8">testHorizontalScrollingOnIphone8</a> <!-- method navigator-link -->
                      </span>
                      <br/>
                      <span>
                        <img src="failed.png" width="3%"/>
                        <a href="#" panel-name="suite-ECommerceSuite" title="com.sudha.ecommerce.tests.LoginPageTest" class="method navigator-link" hash-for-method="testLoginFormButtonsAreVisible">testLoginFormButtonsAreVisible</a> <!-- method navigator-link -->
                      </span>
                      <br/>
                      <span>
                        <img src="failed.png" width="3%"/>
                        <a href="#" panel-name="suite-ECommerceSuite" title="com.sudha.ecommerce.tests.HomePageTest" class="method navigator-link" hash-for-method="testNavBarAfterLogin">testNavBarAfterLogin</a> <!-- method navigator-link -->
                      </span>
                      <br/>
                      <span>
                        <img src="failed.png" width="3%"/>
                        <a href="#" panel-name="suite-ECommerceSuite" title="com.sudha.ecommerce.tests.ProductBrowsingTest" class="method navigator-link" hash-for-method="testNavigateUsingNavbarLinks">testNavigateUsingNavbarLinks</a> <!-- method navigator-link -->
                      </span>
                      <br/>
                      <span>
                        <img src="failed.png" width="3%"/>
                        <a href="#" panel-name="suite-ECommerceSuite" title="com.sudha.ecommerce.tests.ProductBrowsingTest" class="method navigator-link" hash-for-method="testVerifyHomeNavigation">testVerifyHomeNavigation</a> <!-- method navigator-link -->
                      </span>
                      <br/>
                      <span>
                        <img src="failed.png" width="3%"/>
                        <a href="#" panel-name="suite-ECommerceSuite" title="com.sudha.ecommerce.tests.CartTest" class="method navigator-link" hash-for-method="viewCartWithAddedProducts">viewCartWithAddedProducts</a> <!-- method navigator-link -->
                      </span>
                      <br/>
                    </div> <!-- method-list-content failed suite-ECommerceSuite -->
                  </li>
                  <li>
                    <span class="method-list-title passed">Passed methods</span>
                    <span class="show-or-hide-methods passed">
                      <a href="#" panel-name="suite-ECommerceSuite" class="hide-methods passed suite-ECommerceSuite"> (hide)</a> <!-- hide-methods passed suite-ECommerceSuite -->
                      <a href="#" panel-name="suite-ECommerceSuite" class="show-methods passed suite-ECommerceSuite"> (show)</a> <!-- show-methods passed suite-ECommerceSuite -->
                    </span>
                    <div class="method-list-content passed suite-ECommerceSuite">
                      <span>
                        <img src="passed.png" width="3%"/>
                        <a href="#" panel-name="suite-ECommerceSuite" title="com.sudha.ecommerce.tests.CartTest" class="method navigator-link" hash-for-method="addProductToCart">addProductToCart</a> <!-- method navigator-link -->
                      </span>
                      <br/>
                      <span>
                        <img src="passed.png" width="3%"/>
                        <a href="#" panel-name="suite-ECommerceSuite" title="com.sudha.ecommerce.tests.SignUpTest" class="method navigator-link" hash-for-method="blankSignUp">blankSignUp</a> <!-- method navigator-link -->
                      </span>
                      <br/>
                      <span>
                        <img src="passed.png" width="3%"/>
                        <a href="#" panel-name="suite-ECommerceSuite" title="com.sudha.ecommerce.tests.SignUpTest" class="method navigator-link" hash-for-method="inValidSignUp">inValidSignUp</a> <!-- method navigator-link -->
                      </span>
                      <br/>
                      <span>
                        <img src="passed.png" width="3%"/>
                        <a href="#" panel-name="suite-ECommerceSuite" title="com.sudha.ecommerce.tests.HomePageTest" class="method navigator-link" hash-for-method="testAddToCartAndValidateInCart">testAddToCartAndValidateInCart</a> <!-- method navigator-link -->
                      </span>
                      <br/>
                      <span>
                        <img src="passed.png" width="3%"/>
                        <a href="#" panel-name="suite-ECommerceSuite" title="com.sudha.ecommerce.tests.ProductBrowsingTest" class="method navigator-link" hash-for-method="testBrowseCategoryLaptops">testBrowseCategoryLaptops</a> <!-- method navigator-link -->
                      </span>
                      <br/>
                      <span>
                        <img src="passed.png" width="3%"/>
                        <a href="#" panel-name="suite-ECommerceSuite" title="com.sudha.ecommerce.tests.ProductBrowsingTest" class="method navigator-link" hash-for-method="testBrowseCategoryMonitors">testBrowseCategoryMonitors</a> <!-- method navigator-link -->
                      </span>
                      <br/>
                      <span>
                        <img src="passed.png" width="3%"/>
                        <a href="#" panel-name="suite-ECommerceSuite" title="com.sudha.ecommerce.tests.ProductBrowsingTest" class="method navigator-link" hash-for-method="testBrowseCategoryPhones">testBrowseCategoryPhones</a> <!-- method navigator-link -->
                      </span>
                      <br/>
                      <span>
                        <img src="passed.png" width="3%"/>
                        <a href="#" panel-name="suite-ECommerceSuite" title="com.sudha.ecommerce.tests.LoginPageTest" class="method navigator-link" hash-for-method="testSuccessfulLogin">testSuccessfulLogin</a> <!-- method navigator-link -->
                      </span>
                      <br/>
                      <span>
                        <img src="passed.png" width="3%"/>
                        <a href="#" panel-name="suite-ECommerceSuite" title="com.sudha.ecommerce.tests.ProductBrowsingTest" class="method navigator-link" hash-for-method="testViewProductDetails">testViewProductDetails</a> <!-- method navigator-link -->
                      </span>
                      <br/>
                      <span>
                        <img src="passed.png" width="3%"/>
                        <a href="#" panel-name="suite-ECommerceSuite" title="com.sudha.ecommerce.tests.SignUpTest" class="method navigator-link" hash-for-method="validSignUp">validSignUp</a> <!-- method navigator-link -->
                      </span>
                      <br/>
                      <span>
                        <img src="passed.png" width="3%"/>
                        <a href="#" panel-name="suite-ECommerceSuite" title="com.sudha.ecommerce.tests.LoginPageTest" class="method navigator-link" hash-for-method="verifyLoginWithEmptyFields">verifyLoginWithEmptyFields</a> <!-- method navigator-link -->
                      </span>
                      <br/>
                      <span>
                        <img src="passed.png" width="3%"/>
                        <a href="#" panel-name="suite-ECommerceSuite" title="com.sudha.ecommerce.tests.LoginPageTest" class="method navigator-link" hash-for-method="verifyLoginWithInCorrectUserNameAndPassword">verifyLoginWithInCorrectUserNameAndPassword</a> <!-- method navigator-link -->
                      </span>
                      <br/>
                      <span>
                        <img src="passed.png" width="3%"/>
                        <a href="#" panel-name="suite-ECommerceSuite" title="com.sudha.ecommerce.tests.LoginPageTest" class="method navigator-link" hash-for-method="verifyLoginWithValidCredentials">verifyLoginWithValidCredentials</a> <!-- method navigator-link -->
                      </span>
                      <br/>
                      <span>
                        <img src="passed.png" width="3%"/>
                        <a href="#" panel-name="suite-ECommerceSuite" title="com.sudha.ecommerce.tests.LoginPageTest" class="method navigator-link" hash-for-method="verifyPasswordFieldIsMasked(demoUser, demoPass)">verifyPasswordFieldIsMasked(demoUser, demoPass)</a> <!-- method navigator-link -->
                      </span>
                      <br/>
                      <span>
                        <img src="passed.png" width="3%"/>
                        <a href="#" panel-name="suite-ECommerceSuite" title="com.sudha.ecommerce.tests.LoginPageTest" class="method navigator-link" hash-for-method="verifyPasswordFieldIsMasked(testuser1, password1)">verifyPasswordFieldIsMasked(testuser1, password1)</a> <!-- method navigator-link -->
                      </span>
                      <br/>
                    </div> <!-- method-list-content passed suite-ECommerceSuite -->
                  </li>
                </ul>
              </div> <!-- suite-section-content -->
            </div> <!-- result-section -->
          </div> <!-- navigator-suite-content -->
        </div> <!-- rounded-window -->
      </div> <!-- suite -->
    </div> <!-- navigator-root -->
    <div class="wrapper">
      <div class="main-panel-root">
        <div panel-name="suite-ECommerceSuite" class="panel ECommerceSuite">
          <div class="suite-ECommerceSuite-class-failed">
            <div class="main-panel-header rounded-window-top">
              <img src="failed.png"/>
              <span class="class-name">com.sudha.ecommerce.tests.HomePageTest</span>
            </div> <!-- main-panel-header rounded-window-top -->
            <div class="main-panel-content rounded-window-bottom">
              <div class="method">
                <div class="method-content">
                  <a name="testContactModalUI">
                  </a> <!-- testContactModalUI -->
                  <span class="method-name">testContactModalUI</span>
                  <div class="stack-trace">org.openqa.selenium.StaleElementReferenceException: stale element reference: stale element not found
  (Session info: chrome=138.0.7204.97)
For documentation on this error, please visit: https://www.selenium.dev/documentation/webdriver/troubleshooting/errors#stale-element-reference-exception
Build info: version: &apos;4.21.0&apos;, revision: &apos;79ed462ef4&apos;
System info: os.name: &apos;Windows 11&apos;, os.arch: &apos;amd64&apos;, os.version: &apos;10.0&apos;, java.version: &apos;21.0.5&apos;
Driver info: org.openqa.selenium.chrome.ChromeDriver
Command: [4b75b6366edad60f50cddf1a520460f3, clickElement {id=f.19C969CF2EFBB981BF6DCC85D156E4F2.d.FD7A9C07F4000A19DB7CB458B447FA81.e.99}]
Capabilities {acceptInsecureCerts: false, browserName: chrome, browserVersion: 138.0.7204.97, chrome: {chromedriverVersion: 138.0.7204.157 (e533e98b126..., userDataDir: C:\Users\sures\AppData\Loca...}, fedcm:accounts: true, goog:chromeOptions: {debuggerAddress: localhost:55451}, networkConnectionEnabled: false, pageLoadStrategy: normal, platformName: windows, proxy: Proxy(), se:cdp: ws://localhost:55451/devtoo..., se:cdpVersion: 138.0.7204.97, setWindowRect: true, strictFileInteractability: false, timeouts: {implicit: 0, pageLoad: 300000, script: 30000}, unhandledPromptBehavior: dismiss and notify, webauthn:extension:credBlob: true, webauthn:extension:largeBlob: true, webauthn:extension:minPinLength: true, webauthn:extension:prf: true, webauthn:virtualAuthenticators: true}
Element: [[ChromeDriver: chrome on windows (4b75b6366edad60f50cddf1a520460f3)] -&gt; xpath: //a[text()=&apos;Contact&apos;]]
Session ID: 4b75b6366edad60f50cddf1a520460f3
	at org.openqa.selenium.remote.ErrorCodec.decode(ErrorCodec.java:167)
	at org.openqa.selenium.remote.codec.w3c.W3CHttpResponseCodec.decode(W3CHttpResponseCodec.java:138)
	at org.openqa.selenium.remote.codec.w3c.W3CHttpResponseCodec.decode(W3CHttpResponseCodec.java:50)
	at org.openqa.selenium.remote.HttpCommandExecutor.execute(HttpCommandExecutor.java:190)
	at org.openqa.selenium.remote.service.DriverCommandExecutor.invokeExecute(DriverCommandExecutor.java:216)
	at org.openqa.selenium.remote.service.DriverCommandExecutor.execute(DriverCommandExecutor.java:174)
	at org.openqa.selenium.remote.RemoteWebDriver.execute(RemoteWebDriver.java:518)
	at org.openqa.selenium.remote.RemoteWebElement.execute(RemoteWebElement.java:223)
	at org.openqa.selenium.remote.RemoteWebElement.click(RemoteWebElement.java:76)
	at com.sudha.ecommerce.pages.HomePage.openContactModal(HomePage.java:133)
	at com.sudha.ecommerce.tests.HomePageTest.testContactModalUI(HomePageTest.java:60)
	at java.base/java.util.ArrayList.forEach(ArrayList.java:1596)
	at java.base/java.util.concurrent.FutureTask.run(FutureTask.java:317)
	at java.base/java.util.concurrent.ThreadPoolExecutor.runWorker(ThreadPoolExecutor.java:1144)
	at java.base/java.util.concurrent.ThreadPoolExecutor$Worker.run(ThreadPoolExecutor.java:642)
	at java.base/java.lang.Thread.run(Thread.java:1583)
... Removed 18 stack frames
</div> <!-- stack-trace -->
                </div> <!-- method-content -->
              </div> <!-- method -->
              <div class="method">
                <div class="method-content">
                  <a name="testDeleteProductFromCart">
                  </a> <!-- testDeleteProductFromCart -->
                  <span class="method-name">testDeleteProductFromCart</span>
                  <div class="stack-trace">org.openqa.selenium.TimeoutException: Expected condition failed: waiting for visibility of element located by By.className: name (tried for 10 second(s) with 500 milliseconds interval)
Build info: version: &apos;4.21.0&apos;, revision: &apos;79ed462ef4&apos;
System info: os.name: &apos;Windows 11&apos;, os.arch: &apos;amd64&apos;, os.version: &apos;10.0&apos;, java.version: &apos;21.0.5&apos;
Driver info: org.openqa.selenium.chrome.ChromeDriver
Capabilities {acceptInsecureCerts: false, browserName: chrome, browserVersion: 138.0.7204.97, chrome: {chromedriverVersion: 138.0.7204.157 (e533e98b126..., userDataDir: C:\Users\sures\AppData\Loca...}, fedcm:accounts: true, goog:chromeOptions: {debuggerAddress: localhost:55477}, networkConnectionEnabled: false, pageLoadStrategy: normal, platformName: windows, proxy: Proxy(), se:cdp: ws://localhost:55477/devtoo..., se:cdpVersion: 138.0.7204.97, setWindowRect: true, strictFileInteractability: false, timeouts: {implicit: 0, pageLoad: 300000, script: 30000}, unhandledPromptBehavior: dismiss and notify, webauthn:extension:credBlob: true, webauthn:extension:largeBlob: true, webauthn:extension:minPinLength: true, webauthn:extension:prf: true, webauthn:virtualAuthenticators: true}
Session ID: dc806a0fbc6d6da479b3afa4e7b046e5
	at org.openqa.selenium.support.ui.WebDriverWait.timeoutException(WebDriverWait.java:84)
	at org.openqa.selenium.support.ui.FluentWait.until(FluentWait.java:228)
	at com.sudha.ecommerce.pages.HomePage.addRandomProductsToCart(HomePage.java:63)
	at com.sudha.ecommerce.tests.HomePageTest.testDeleteProductFromCart(HomePageTest.java:48)
	at java.base/java.util.ArrayList.forEach(ArrayList.java:1596)
	at java.base/java.util.concurrent.FutureTask.run(FutureTask.java:317)
	at java.base/java.util.concurrent.ThreadPoolExecutor.runWorker(ThreadPoolExecutor.java:1144)
	at java.base/java.util.concurrent.ThreadPoolExecutor$Worker.run(ThreadPoolExecutor.java:642)
	at java.base/java.lang.Thread.run(Thread.java:1583)
... Removed 15 stack frames
</div> <!-- stack-trace -->
                </div> <!-- method-content -->
              </div> <!-- method -->
              <div class="method">
                <div class="method-content">
                  <a name="testNavBarAfterLogin">
                  </a> <!-- testNavBarAfterLogin -->
                  <span class="method-name">testNavBarAfterLogin</span>
                  <div class="stack-trace">java.lang.AssertionError: Lists differ at element [4]: Log out != Log in expected [Log out] but found [Log in]
	at com.sudha.ecommerce.tests.HomePageTest.testNavBarAfterLogin(HomePageTest.java:28)
	at java.base/java.util.ArrayList.forEach(ArrayList.java:1596)
	at java.base/java.util.concurrent.FutureTask.run(FutureTask.java:317)
	at java.base/java.util.concurrent.ThreadPoolExecutor.runWorker(ThreadPoolExecutor.java:1144)
	at java.base/java.util.concurrent.ThreadPoolExecutor$Worker.run(ThreadPoolExecutor.java:642)
	at java.base/java.lang.Thread.run(Thread.java:1583)
... Removed 20 stack frames
</div> <!-- stack-trace -->
                </div> <!-- method-content -->
              </div> <!-- method -->
            </div> <!-- main-panel-content rounded-window-bottom -->
          </div> <!-- suite-ECommerceSuite-class-failed -->
          <div class="suite-ECommerceSuite-class-failed">
            <div class="main-panel-header rounded-window-top">
              <img src="failed.png"/>
              <span class="class-name">com.sudha.ecommerce.tests.OrderTest</span>
            </div> <!-- main-panel-header rounded-window-top -->
            <div class="main-panel-content rounded-window-bottom">
              <div class="method">
                <div class="method-content">
                  <a name="placeOrderWithEmptyForm">
                  </a> <!-- placeOrderWithEmptyForm -->
                  <span class="method-name">placeOrderWithEmptyForm</span>
                  <div class="stack-trace">org.openqa.selenium.StaleElementReferenceException: stale element reference: stale element not found
  (Session info: chrome=138.0.7204.97)
For documentation on this error, please visit: https://www.selenium.dev/documentation/webdriver/troubleshooting/errors#stale-element-reference-exception
Build info: version: &apos;4.21.0&apos;, revision: &apos;79ed462ef4&apos;
System info: os.name: &apos;Windows 11&apos;, os.arch: &apos;amd64&apos;, os.version: &apos;10.0&apos;, java.version: &apos;21.0.5&apos;
Driver info: org.openqa.selenium.chrome.ChromeDriver
Command: [8a847d17dffc305b64459c59fc15288b, clickElement {id=f.BD3283F7E2D0F32A92BC371BFD623DA1.d.9B8EB51A3933EEB6C49FD495016EE70D.e.130}]
Capabilities {acceptInsecureCerts: false, browserName: chrome, browserVersion: 138.0.7204.97, chrome: {chromedriverVersion: 138.0.7204.157 (e533e98b126..., userDataDir: C:\Users\sures\AppData\Loca...}, fedcm:accounts: true, goog:chromeOptions: {debuggerAddress: localhost:56038}, networkConnectionEnabled: false, pageLoadStrategy: normal, platformName: windows, proxy: Proxy(), se:cdp: ws://localhost:56038/devtoo..., se:cdpVersion: 138.0.7204.97, setWindowRect: true, strictFileInteractability: false, timeouts: {implicit: 0, pageLoad: 300000, script: 30000}, unhandledPromptBehavior: dismiss and notify, webauthn:extension:credBlob: true, webauthn:extension:largeBlob: true, webauthn:extension:minPinLength: true, webauthn:extension:prf: true, webauthn:virtualAuthenticators: true}
Element: [[ChromeDriver: chrome on windows (8a847d17dffc305b64459c59fc15288b)] -&gt; id: cartur]
Session ID: 8a847d17dffc305b64459c59fc15288b
	at org.openqa.selenium.remote.ErrorCodec.decode(ErrorCodec.java:167)
	at org.openqa.selenium.remote.codec.w3c.W3CHttpResponseCodec.decode(W3CHttpResponseCodec.java:138)
	at org.openqa.selenium.remote.codec.w3c.W3CHttpResponseCodec.decode(W3CHttpResponseCodec.java:50)
	at org.openqa.selenium.remote.HttpCommandExecutor.execute(HttpCommandExecutor.java:190)
	at org.openqa.selenium.remote.service.DriverCommandExecutor.invokeExecute(DriverCommandExecutor.java:216)
	at org.openqa.selenium.remote.service.DriverCommandExecutor.execute(DriverCommandExecutor.java:174)
	at org.openqa.selenium.remote.RemoteWebDriver.execute(RemoteWebDriver.java:518)
	at org.openqa.selenium.remote.RemoteWebElement.execute(RemoteWebElement.java:223)
	at org.openqa.selenium.remote.RemoteWebElement.click(RemoteWebElement.java:76)
	at com.sudha.ecommerce.pages.HomePage.clickCartLink(HomePage.java:96)
	at com.sudha.ecommerce.tests.OrderTest.placeOrderWithEmptyForm(OrderTest.java:81)
	at java.base/java.util.ArrayList.forEach(ArrayList.java:1596)
	at java.base/java.util.concurrent.FutureTask.run(FutureTask.java:317)
	at java.base/java.util.concurrent.ThreadPoolExecutor.runWorker(ThreadPoolExecutor.java:1144)
	at java.base/java.util.concurrent.ThreadPoolExecutor$Worker.run(ThreadPoolExecutor.java:642)
	at java.base/java.lang.Thread.run(Thread.java:1583)
... Removed 18 stack frames
</div> <!-- stack-trace -->
                  <em>
(Place order with empty form)                  </em>
                </div> <!-- method-content -->
              </div> <!-- method -->
              <div class="method">
                <div class="method-content">
                  <a name="placeOrderWithValidDetails">
                  </a> <!-- placeOrderWithValidDetails -->
                  <span class="method-name">placeOrderWithValidDetails</span>
                  <div class="stack-trace">org.openqa.selenium.TimeoutException: Expected condition failed: waiting for visibility of element located by By.className: name (tried for 10 second(s) with 500 milliseconds interval)
Build info: version: &apos;4.21.0&apos;, revision: &apos;79ed462ef4&apos;
System info: os.name: &apos;Windows 11&apos;, os.arch: &apos;amd64&apos;, os.version: &apos;10.0&apos;, java.version: &apos;21.0.5&apos;
Driver info: org.openqa.selenium.chrome.ChromeDriver
Capabilities {acceptInsecureCerts: false, browserName: chrome, browserVersion: 138.0.7204.97, chrome: {chromedriverVersion: 138.0.7204.157 (e533e98b126..., userDataDir: C:\Users\sures\AppData\Loca...}, fedcm:accounts: true, goog:chromeOptions: {debuggerAddress: localhost:55999}, networkConnectionEnabled: false, pageLoadStrategy: normal, platformName: windows, proxy: Proxy(), se:cdp: ws://localhost:55999/devtoo..., se:cdpVersion: 138.0.7204.97, setWindowRect: true, strictFileInteractability: false, timeouts: {implicit: 0, pageLoad: 300000, script: 30000}, unhandledPromptBehavior: dismiss and notify, webauthn:extension:credBlob: true, webauthn:extension:largeBlob: true, webauthn:extension:minPinLength: true, webauthn:extension:prf: true, webauthn:virtualAuthenticators: true}
Session ID: 81a666b6046d6a82bf6c8fa9fbdceb68
	at org.openqa.selenium.support.ui.WebDriverWait.timeoutException(WebDriverWait.java:84)
	at org.openqa.selenium.support.ui.FluentWait.until(FluentWait.java:228)
	at com.sudha.ecommerce.pages.HomePage.addRandomProductsToCart(HomePage.java:63)
	at com.sudha.ecommerce.tests.OrderTest.placeOrderWithValidDetails(OrderTest.java:32)
	at java.base/java.util.ArrayList.forEach(ArrayList.java:1596)
	at java.base/java.util.concurrent.FutureTask.run(FutureTask.java:317)
	at java.base/java.util.concurrent.ThreadPoolExecutor.runWorker(ThreadPoolExecutor.java:1144)
	at java.base/java.util.concurrent.ThreadPoolExecutor$Worker.run(ThreadPoolExecutor.java:642)
	at java.base/java.lang.Thread.run(Thread.java:1583)
... Removed 15 stack frames
</div> <!-- stack-trace -->
                  <em>
(Place order with valid details)                  </em>
                </div> <!-- method-content -->
              </div> <!-- method -->
            </div> <!-- main-panel-content rounded-window-bottom -->
          </div> <!-- suite-ECommerceSuite-class-failed -->
          <div class="suite-ECommerceSuite-class-failed">
            <div class="main-panel-header rounded-window-top">
              <img src="failed.png"/>
              <span class="class-name">com.sudha.ecommerce.tests.LoginPageTest</span>
            </div> <!-- main-panel-header rounded-window-top -->
            <div class="main-panel-content rounded-window-bottom">
              <div class="method">
                <div class="method-content">
                  <a name="testLoginFormButtonsAreVisible">
                  </a> <!-- testLoginFormButtonsAreVisible -->
                  <span class="method-name">testLoginFormButtonsAreVisible</span>
                  <div class="stack-trace">java.lang.AssertionError: Login button should be visible expected [true] but found [false]
	at com.sudha.ecommerce.tests.LoginPageTest.testLoginFormButtonsAreVisible(LoginPageTest.java:88)
	at java.base/java.util.ArrayList.forEach(ArrayList.java:1596)
	at java.base/java.util.concurrent.FutureTask.run(FutureTask.java:317)
	at java.base/java.util.concurrent.ThreadPoolExecutor.runWorker(ThreadPoolExecutor.java:1144)
	at java.base/java.util.concurrent.ThreadPoolExecutor$Worker.run(ThreadPoolExecutor.java:642)
	at java.base/java.lang.Thread.run(Thread.java:1583)
... Removed 18 stack frames
</div> <!-- stack-trace -->
                </div> <!-- method-content -->
              </div> <!-- method -->
            </div> <!-- main-panel-content rounded-window-bottom -->
          </div> <!-- suite-ECommerceSuite-class-failed -->
          <div class="suite-ECommerceSuite-class-failed">
            <div class="main-panel-header rounded-window-top">
              <img src="failed.png"/>
              <span class="class-name">com.sudha.ecommerce.tests.ResponsiveDesignTest</span>
            </div> <!-- main-panel-header rounded-window-top -->
            <div class="main-panel-content rounded-window-bottom">
              <div class="method">
                <div class="method-content">
                  <a name="testHorizontalScrollingOnIphone15Pro">
                  </a> <!-- testHorizontalScrollingOnIphone15Pro -->
                  <span class="method-name">testHorizontalScrollingOnIphone15Pro</span>
                  <div class="stack-trace">java.lang.NullPointerException: Cannot invoke &quot;com.sudha.ecommerce.tests.HomePageTest.testNavBarAfterLogin()&quot; because &quot;this.homePageTest&quot; is null
	at com.sudha.ecommerce.tests.ResponsiveDesignTest.validateHorizontalScrolling(ResponsiveDesignTest.java:38)
	at com.sudha.ecommerce.tests.ResponsiveDesignTest.testHorizontalScrollingOnIphone15Pro(ResponsiveDesignTest.java:30)
	at java.base/java.util.ArrayList.forEach(ArrayList.java:1596)
	at java.base/java.util.concurrent.FutureTask.run(FutureTask.java:317)
	at java.base/java.util.concurrent.ThreadPoolExecutor.runWorker(ThreadPoolExecutor.java:1144)
	at java.base/java.util.concurrent.ThreadPoolExecutor$Worker.run(ThreadPoolExecutor.java:642)
	at java.base/java.lang.Thread.run(Thread.java:1583)
... Removed 15 stack frames
</div> <!-- stack-trace -->
                  <em>
(Test horizontal scrolling - iPhone15 Pro)                  </em>
                </div> <!-- method-content -->
              </div> <!-- method -->
              <div class="method">
                <div class="method-content">
                  <a name="testHorizontalScrollingOnIphone8">
                  </a> <!-- testHorizontalScrollingOnIphone8 -->
                  <span class="method-name">testHorizontalScrollingOnIphone8</span>
                  <div class="stack-trace">java.lang.NullPointerException: Cannot invoke &quot;com.sudha.ecommerce.tests.HomePageTest.testNavBarAfterLogin()&quot; because &quot;this.homePageTest&quot; is null
	at com.sudha.ecommerce.tests.ResponsiveDesignTest.validateHorizontalScrolling(ResponsiveDesignTest.java:38)
	at com.sudha.ecommerce.tests.ResponsiveDesignTest.testHorizontalScrollingOnIphone8(ResponsiveDesignTest.java:24)
	at java.base/java.util.ArrayList.forEach(ArrayList.java:1596)
	at java.base/java.util.concurrent.FutureTask.run(FutureTask.java:317)
	at java.base/java.util.concurrent.ThreadPoolExecutor.runWorker(ThreadPoolExecutor.java:1144)
	at java.base/java.util.concurrent.ThreadPoolExecutor$Worker.run(ThreadPoolExecutor.java:642)
	at java.base/java.lang.Thread.run(Thread.java:1583)
... Removed 15 stack frames
</div> <!-- stack-trace -->
                  <em>
(Test horizontal scrolling - iPhone8)                  </em>
                </div> <!-- method-content -->
              </div> <!-- method -->
            </div> <!-- main-panel-content rounded-window-bottom -->
          </div> <!-- suite-ECommerceSuite-class-failed -->
          <div class="suite-ECommerceSuite-class-failed">
            <div class="main-panel-header rounded-window-top">
              <img src="failed.png"/>
              <span class="class-name">com.sudha.ecommerce.tests.CartTest</span>
            </div> <!-- main-panel-header rounded-window-top -->
            <div class="main-panel-content rounded-window-bottom">
              <div class="method">
                <div class="method-content">
                  <a name="addMultipleProductsToCart">
                  </a> <!-- addMultipleProductsToCart -->
                  <span class="method-name">addMultipleProductsToCart</span>
                  <div class="stack-trace">org.openqa.selenium.TimeoutException: Expected condition failed: waiting for visibility of element located by By.className: name (tried for 10 second(s) with 500 milliseconds interval)
Build info: version: &apos;4.21.0&apos;, revision: &apos;79ed462ef4&apos;
System info: os.name: &apos;Windows 11&apos;, os.arch: &apos;amd64&apos;, os.version: &apos;10.0&apos;, java.version: &apos;21.0.5&apos;
Driver info: org.openqa.selenium.chrome.ChromeDriver
Capabilities {acceptInsecureCerts: false, browserName: chrome, browserVersion: 138.0.7204.97, chrome: {chromedriverVersion: 138.0.7204.157 (e533e98b126..., userDataDir: C:\Users\sures\AppData\Loca...}, fedcm:accounts: true, goog:chromeOptions: {debuggerAddress: localhost:55964}, networkConnectionEnabled: false, pageLoadStrategy: normal, platformName: windows, proxy: Proxy(), se:cdp: ws://localhost:55964/devtoo..., se:cdpVersion: 138.0.7204.97, setWindowRect: true, strictFileInteractability: false, timeouts: {implicit: 0, pageLoad: 300000, script: 30000}, unhandledPromptBehavior: dismiss and notify, webauthn:extension:credBlob: true, webauthn:extension:largeBlob: true, webauthn:extension:minPinLength: true, webauthn:extension:prf: true, webauthn:virtualAuthenticators: true}
Session ID: edce6b5b7b05f7cf14efd50c9e4ce252
	at org.openqa.selenium.support.ui.WebDriverWait.timeoutException(WebDriverWait.java:84)
	at org.openqa.selenium.support.ui.FluentWait.until(FluentWait.java:228)
	at com.sudha.ecommerce.pages.HomePage.addRandomProductsToCart(HomePage.java:63)
	at com.sudha.ecommerce.tests.CartTest.addMultipleProductsToCart(CartTest.java:63)
	at java.base/java.util.ArrayList.forEach(ArrayList.java:1596)
	at java.base/java.util.concurrent.FutureTask.run(FutureTask.java:317)
	at java.base/java.util.concurrent.ThreadPoolExecutor.runWorker(ThreadPoolExecutor.java:1144)
	at java.base/java.util.concurrent.ThreadPoolExecutor$Worker.run(ThreadPoolExecutor.java:642)
	at java.base/java.lang.Thread.run(Thread.java:1583)
... Removed 15 stack frames
</div> <!-- stack-trace -->
                  <em>
(Add Multiple products to cart)                  </em>
                </div> <!-- method-content -->
              </div> <!-- method -->
              <div class="method">
                <div class="method-content">
                  <a name="removeProductFromTheCart">
                  </a> <!-- removeProductFromTheCart -->
                  <span class="method-name">removeProductFromTheCart</span>
                  <div class="stack-trace">org.openqa.selenium.StaleElementReferenceException: stale element reference: stale element not found
  (Session info: chrome=138.0.7204.97)
For documentation on this error, please visit: https://www.selenium.dev/documentation/webdriver/troubleshooting/errors#stale-element-reference-exception
Build info: version: &apos;4.21.0&apos;, revision: &apos;79ed462ef4&apos;
System info: os.name: &apos;Windows 11&apos;, os.arch: &apos;amd64&apos;, os.version: &apos;10.0&apos;, java.version: &apos;21.0.5&apos;
Driver info: org.openqa.selenium.chrome.ChromeDriver
Command: [3a32bb4d41031947929052c131de25f0, clickElement {id=f.5FA2C34BF81F8781AD9044EF58D90A11.d.DA087847D579207C4B4E7B8EB38516DA.e.99}]
Capabilities {acceptInsecureCerts: false, browserName: chrome, browserVersion: 138.0.7204.97, chrome: {chromedriverVersion: 138.0.7204.157 (e533e98b126..., userDataDir: C:\Users\sures\AppData\Loca...}, fedcm:accounts: true, goog:chromeOptions: {debuggerAddress: localhost:55941}, networkConnectionEnabled: false, pageLoadStrategy: normal, platformName: windows, proxy: Proxy(), se:cdp: ws://localhost:55941/devtoo..., se:cdpVersion: 138.0.7204.97, setWindowRect: true, strictFileInteractability: false, timeouts: {implicit: 0, pageLoad: 300000, script: 30000}, unhandledPromptBehavior: dismiss and notify, webauthn:extension:credBlob: true, webauthn:extension:largeBlob: true, webauthn:extension:minPinLength: true, webauthn:extension:prf: true, webauthn:virtualAuthenticators: true}
Element: [[ChromeDriver: chrome on windows (3a32bb4d41031947929052c131de25f0)] -&gt; id: cartur]
Session ID: 3a32bb4d41031947929052c131de25f0
	at org.openqa.selenium.remote.ErrorCodec.decode(ErrorCodec.java:167)
	at org.openqa.selenium.remote.codec.w3c.W3CHttpResponseCodec.decode(W3CHttpResponseCodec.java:138)
	at org.openqa.selenium.remote.codec.w3c.W3CHttpResponseCodec.decode(W3CHttpResponseCodec.java:50)
	at org.openqa.selenium.remote.HttpCommandExecutor.execute(HttpCommandExecutor.java:190)
	at org.openqa.selenium.remote.service.DriverCommandExecutor.invokeExecute(DriverCommandExecutor.java:216)
	at org.openqa.selenium.remote.service.DriverCommandExecutor.execute(DriverCommandExecutor.java:174)
	at org.openqa.selenium.remote.RemoteWebDriver.execute(RemoteWebDriver.java:518)
	at org.openqa.selenium.remote.RemoteWebElement.execute(RemoteWebElement.java:223)
	at org.openqa.selenium.remote.RemoteWebElement.click(RemoteWebElement.java:76)
	at com.sudha.ecommerce.pages.HomePage.clickCartLink(HomePage.java:96)
	at com.sudha.ecommerce.tests.CartTest.removeProductFromTheCart(CartTest.java:48)
	at java.base/java.util.ArrayList.forEach(ArrayList.java:1596)
	at java.base/java.util.concurrent.FutureTask.run(FutureTask.java:317)
	at java.base/java.util.concurrent.ThreadPoolExecutor.runWorker(ThreadPoolExecutor.java:1144)
	at java.base/java.util.concurrent.ThreadPoolExecutor$Worker.run(ThreadPoolExecutor.java:642)
	at java.base/java.lang.Thread.run(Thread.java:1583)
... Removed 18 stack frames
</div> <!-- stack-trace -->
                  <em>
(Remove product from cart)                  </em>
                </div> <!-- method-content -->
              </div> <!-- method -->
              <div class="method">
                <div class="method-content">
                  <a name="viewCartWithAddedProducts">
                  </a> <!-- viewCartWithAddedProducts -->
                  <span class="method-name">viewCartWithAddedProducts</span>
                  <div class="stack-trace">org.openqa.selenium.StaleElementReferenceException: stale element reference: stale element not found
  (Session info: chrome=138.0.7204.97)
For documentation on this error, please visit: https://www.selenium.dev/documentation/webdriver/troubleshooting/errors#stale-element-reference-exception
Build info: version: &apos;4.21.0&apos;, revision: &apos;79ed462ef4&apos;
System info: os.name: &apos;Windows 11&apos;, os.arch: &apos;amd64&apos;, os.version: &apos;10.0&apos;, java.version: &apos;21.0.5&apos;
Driver info: org.openqa.selenium.chrome.ChromeDriver
Command: [c4679bb4ffdfc1e0f16e648cd802b63f, clickElement {id=f.BE66808DB9B164BCBDE0EF61697C8DCD.d.5B6013761B5B8A47ABF584754AE4BD85.e.98}]
Capabilities {acceptInsecureCerts: false, browserName: chrome, browserVersion: 138.0.7204.97, chrome: {chromedriverVersion: 138.0.7204.157 (e533e98b126..., userDataDir: C:\Users\sures\AppData\Loca...}, fedcm:accounts: true, goog:chromeOptions: {debuggerAddress: localhost:55894}, networkConnectionEnabled: false, pageLoadStrategy: normal, platformName: windows, proxy: Proxy(), se:cdp: ws://localhost:55894/devtoo..., se:cdpVersion: 138.0.7204.97, setWindowRect: true, strictFileInteractability: false, timeouts: {implicit: 0, pageLoad: 300000, script: 30000}, unhandledPromptBehavior: dismiss and notify, webauthn:extension:credBlob: true, webauthn:extension:largeBlob: true, webauthn:extension:minPinLength: true, webauthn:extension:prf: true, webauthn:virtualAuthenticators: true}
Element: [[ChromeDriver: chrome on windows (c4679bb4ffdfc1e0f16e648cd802b63f)] -&gt; id: cartur]
Session ID: c4679bb4ffdfc1e0f16e648cd802b63f
	at org.openqa.selenium.remote.ErrorCodec.decode(ErrorCodec.java:167)
	at org.openqa.selenium.remote.codec.w3c.W3CHttpResponseCodec.decode(W3CHttpResponseCodec.java:138)
	at org.openqa.selenium.remote.codec.w3c.W3CHttpResponseCodec.decode(W3CHttpResponseCodec.java:50)
	at org.openqa.selenium.remote.HttpCommandExecutor.execute(HttpCommandExecutor.java:190)
	at org.openqa.selenium.remote.service.DriverCommandExecutor.invokeExecute(DriverCommandExecutor.java:216)
	at org.openqa.selenium.remote.service.DriverCommandExecutor.execute(DriverCommandExecutor.java:174)
	at org.openqa.selenium.remote.RemoteWebDriver.execute(RemoteWebDriver.java:518)
	at org.openqa.selenium.remote.RemoteWebElement.execute(RemoteWebElement.java:223)
	at org.openqa.selenium.remote.RemoteWebElement.click(RemoteWebElement.java:76)
	at com.sudha.ecommerce.pages.HomePage.clickCartLink(HomePage.java:96)
	at com.sudha.ecommerce.tests.CartTest.viewCartWithAddedProducts(CartTest.java:38)
	at java.base/java.util.ArrayList.forEach(ArrayList.java:1596)
	at java.base/java.util.concurrent.FutureTask.run(FutureTask.java:317)
	at java.base/java.util.concurrent.ThreadPoolExecutor.runWorker(ThreadPoolExecutor.java:1144)
	at java.base/java.util.concurrent.ThreadPoolExecutor$Worker.run(ThreadPoolExecutor.java:642)
	at java.base/java.lang.Thread.run(Thread.java:1583)
... Removed 18 stack frames
</div> <!-- stack-trace -->
                  <em>
(View cart with added products)                  </em>
                </div> <!-- method-content -->
              </div> <!-- method -->
            </div> <!-- main-panel-content rounded-window-bottom -->
          </div> <!-- suite-ECommerceSuite-class-failed -->
          <div class="suite-ECommerceSuite-class-failed">
            <div class="main-panel-header rounded-window-top">
              <img src="failed.png"/>
              <span class="class-name">com.sudha.ecommerce.tests.ProductBrowsingTest</span>
            </div> <!-- main-panel-header rounded-window-top -->
            <div class="main-panel-content rounded-window-bottom">
              <div class="method">
                <div class="method-content">
                  <a name="testNavigateUsingNavbarLinks">
                  </a> <!-- testNavigateUsingNavbarLinks -->
                  <span class="method-name">testNavigateUsingNavbarLinks</span>
                  <div class="stack-trace">org.openqa.selenium.NoSuchElementException: no such element: Unable to locate element: {&quot;method&quot;:&quot;xpath&quot;,&quot;selector&quot;:&quot;//a[text()=&apos;Home&apos;]&quot;}
  (Session info: chrome=138.0.7204.97)
For documentation on this error, please visit: https://www.selenium.dev/documentation/webdriver/troubleshooting/errors#no-such-element-exception
Build info: version: &apos;4.21.0&apos;, revision: &apos;79ed462ef4&apos;
System info: os.name: &apos;Windows 11&apos;, os.arch: &apos;amd64&apos;, os.version: &apos;10.0&apos;, java.version: &apos;21.0.5&apos;
Driver info: org.openqa.selenium.chrome.ChromeDriver
Command: [980fe499aad83e2e92f65f5d276a9dcb, findElement {using=xpath, value=//a[text()=&apos;Home&apos;]}]
Capabilities {acceptInsecureCerts: false, browserName: chrome, browserVersion: 138.0.7204.97, chrome: {chromedriverVersion: 138.0.7204.157 (e533e98b126..., userDataDir: C:\Users\sures\AppData\Loca...}, fedcm:accounts: true, goog:chromeOptions: {debuggerAddress: localhost:55529}, networkConnectionEnabled: false, pageLoadStrategy: normal, platformName: windows, proxy: Proxy(), se:cdp: ws://localhost:55529/devtoo..., se:cdpVersion: 138.0.7204.97, setWindowRect: true, strictFileInteractability: false, timeouts: {implicit: 0, pageLoad: 300000, script: 30000}, unhandledPromptBehavior: dismiss and notify, webauthn:extension:credBlob: true, webauthn:extension:largeBlob: true, webauthn:extension:minPinLength: true, webauthn:extension:prf: true, webauthn:virtualAuthenticators: true}
Session ID: 980fe499aad83e2e92f65f5d276a9dcb
	at org.openqa.selenium.remote.ErrorCodec.decode(ErrorCodec.java:167)
	at org.openqa.selenium.remote.codec.w3c.W3CHttpResponseCodec.decode(W3CHttpResponseCodec.java:138)
	at org.openqa.selenium.remote.codec.w3c.W3CHttpResponseCodec.decode(W3CHttpResponseCodec.java:50)
	at org.openqa.selenium.remote.HttpCommandExecutor.execute(HttpCommandExecutor.java:190)
	at org.openqa.selenium.remote.service.DriverCommandExecutor.invokeExecute(DriverCommandExecutor.java:216)
	at org.openqa.selenium.remote.service.DriverCommandExecutor.execute(DriverCommandExecutor.java:174)
	at org.openqa.selenium.remote.RemoteWebDriver.execute(RemoteWebDriver.java:518)
	at org.openqa.selenium.remote.ElementLocation$ElementFinder$2.findElement(ElementLocation.java:165)
	at org.openqa.selenium.remote.ElementLocation.findElement(ElementLocation.java:59)
	at org.openqa.selenium.remote.RemoteWebDriver.findElement(RemoteWebDriver.java:355)
	at org.openqa.selenium.remote.RemoteWebDriver.findElement(RemoteWebDriver.java:349)
	at org.openqa.selenium.support.pagefactory.DefaultElementLocator.findElement(DefaultElementLocator.java:68)
	at org.openqa.selenium.support.pagefactory.internal.LocatingElementHandler.invoke(LocatingElementHandler.java:38)
	at jdk.proxy2/jdk.proxy2.$Proxy20.click(Unknown Source)
	at com.sudha.ecommerce.pages.ProductBrowsingPage.clickHomeLink(ProductBrowsingPage.java:97)
	at com.sudha.ecommerce.tests.ProductBrowsingTest.testNavigateUsingNavbarLinks(ProductBrowsingTest.java:61)
	at java.base/java.util.ArrayList.forEach(ArrayList.java:1596)
	at java.base/java.util.concurrent.FutureTask.run(FutureTask.java:317)
	at java.base/java.util.concurrent.ThreadPoolExecutor.runWorker(ThreadPoolExecutor.java:1144)
	at java.base/java.util.concurrent.ThreadPoolExecutor$Worker.run(ThreadPoolExecutor.java:642)
	at java.base/java.lang.Thread.run(Thread.java:1583)
... Removed 18 stack frames
</div> <!-- stack-trace -->
                  <em>
(Test Navigate using Navbar links)                  </em>
                </div> <!-- method-content -->
              </div> <!-- method -->
              <div class="method">
                <div class="method-content">
                  <a name="testVerifyHomeNavigation">
                  </a> <!-- testVerifyHomeNavigation -->
                  <span class="method-name">testVerifyHomeNavigation</span>
                  <div class="stack-trace">org.openqa.selenium.NoSuchElementException: no such element: Unable to locate element: {&quot;method&quot;:&quot;xpath&quot;,&quot;selector&quot;:&quot;//a[text()=&apos;Home&apos;]&quot;}
  (Session info: chrome=138.0.7204.97)
For documentation on this error, please visit: https://www.selenium.dev/documentation/webdriver/troubleshooting/errors#no-such-element-exception
Build info: version: &apos;4.21.0&apos;, revision: &apos;79ed462ef4&apos;
System info: os.name: &apos;Windows 11&apos;, os.arch: &apos;amd64&apos;, os.version: &apos;10.0&apos;, java.version: &apos;21.0.5&apos;
Driver info: org.openqa.selenium.chrome.ChromeDriver
Command: [4f5102704c9e988a1042b6ace16ff922, findElement {using=xpath, value=//a[text()=&apos;Home&apos;]}]
Capabilities {acceptInsecureCerts: false, browserName: chrome, browserVersion: 138.0.7204.97, chrome: {chromedriverVersion: 138.0.7204.157 (e533e98b126..., userDataDir: C:\Users\sures\AppData\Loca...}, fedcm:accounts: true, goog:chromeOptions: {debuggerAddress: localhost:55551}, networkConnectionEnabled: false, pageLoadStrategy: normal, platformName: windows, proxy: Proxy(), se:cdp: ws://localhost:55551/devtoo..., se:cdpVersion: 138.0.7204.97, setWindowRect: true, strictFileInteractability: false, timeouts: {implicit: 0, pageLoad: 300000, script: 30000}, unhandledPromptBehavior: dismiss and notify, webauthn:extension:credBlob: true, webauthn:extension:largeBlob: true, webauthn:extension:minPinLength: true, webauthn:extension:prf: true, webauthn:virtualAuthenticators: true}
Session ID: 4f5102704c9e988a1042b6ace16ff922
	at org.openqa.selenium.remote.ErrorCodec.decode(ErrorCodec.java:167)
	at org.openqa.selenium.remote.codec.w3c.W3CHttpResponseCodec.decode(W3CHttpResponseCodec.java:138)
	at org.openqa.selenium.remote.codec.w3c.W3CHttpResponseCodec.decode(W3CHttpResponseCodec.java:50)
	at org.openqa.selenium.remote.HttpCommandExecutor.execute(HttpCommandExecutor.java:190)
	at org.openqa.selenium.remote.service.DriverCommandExecutor.invokeExecute(DriverCommandExecutor.java:216)
	at org.openqa.selenium.remote.service.DriverCommandExecutor.execute(DriverCommandExecutor.java:174)
	at org.openqa.selenium.remote.RemoteWebDriver.execute(RemoteWebDriver.java:518)
	at org.openqa.selenium.remote.ElementLocation$ElementFinder$2.findElement(ElementLocation.java:165)
	at org.openqa.selenium.remote.ElementLocation.findElement(ElementLocation.java:59)
	at org.openqa.selenium.remote.RemoteWebDriver.findElement(RemoteWebDriver.java:355)
	at org.openqa.selenium.remote.RemoteWebDriver.findElement(RemoteWebDriver.java:349)
	at org.openqa.selenium.support.pagefactory.DefaultElementLocator.findElement(DefaultElementLocator.java:68)
	at org.openqa.selenium.support.pagefactory.internal.LocatingElementHandler.invoke(LocatingElementHandler.java:38)
	at jdk.proxy2/jdk.proxy2.$Proxy20.click(Unknown Source)
	at com.sudha.ecommerce.pages.ProductBrowsingPage.clickHomeLink(ProductBrowsingPage.java:97)
	at com.sudha.ecommerce.tests.ProductBrowsingTest.testVerifyHomeNavigation(ProductBrowsingTest.java:53)
	at java.base/java.util.ArrayList.forEach(ArrayList.java:1596)
	at java.base/java.util.concurrent.FutureTask.run(FutureTask.java:317)
	at java.base/java.util.concurrent.ThreadPoolExecutor.runWorker(ThreadPoolExecutor.java:1144)
	at java.base/java.util.concurrent.ThreadPoolExecutor$Worker.run(ThreadPoolExecutor.java:642)
	at java.base/java.lang.Thread.run(Thread.java:1583)
... Removed 18 stack frames
</div> <!-- stack-trace -->
                  <em>
(Verify Home Navigation)                  </em>
                </div> <!-- method-content -->
              </div> <!-- method -->
            </div> <!-- main-panel-content rounded-window-bottom -->
          </div> <!-- suite-ECommerceSuite-class-failed -->
          <div class="suite-ECommerceSuite-class-passed">
            <div class="main-panel-header rounded-window-top">
              <img src="passed.png"/>
              <span class="class-name">com.sudha.ecommerce.tests.HomePageTest</span>
            </div> <!-- main-panel-header rounded-window-top -->
            <div class="main-panel-content rounded-window-bottom">
              <div class="method">
                <div class="method-content">
                  <a name="testAddToCartAndValidateInCart">
                  </a> <!-- testAddToCartAndValidateInCart -->
                  <span class="method-name">testAddToCartAndValidateInCart</span>
                </div> <!-- method-content -->
              </div> <!-- method -->
            </div> <!-- main-panel-content rounded-window-bottom -->
          </div> <!-- suite-ECommerceSuite-class-passed -->
          <div class="suite-ECommerceSuite-class-passed">
            <div class="main-panel-header rounded-window-top">
              <img src="passed.png"/>
              <span class="class-name">com.sudha.ecommerce.tests.LoginPageTest</span>
            </div> <!-- main-panel-header rounded-window-top -->
            <div class="main-panel-content rounded-window-bottom">
              <div class="method">
                <div class="method-content">
                  <a name="testSuccessfulLogin">
                  </a> <!-- testSuccessfulLogin -->
                  <span class="method-name">testSuccessfulLogin</span>
                </div> <!-- method-content -->
              </div> <!-- method -->
              <div class="method">
                <div class="method-content">
                  <a name="verifyLoginWithEmptyFields">
                  </a> <!-- verifyLoginWithEmptyFields -->
                  <span class="method-name">verifyLoginWithEmptyFields</span>
                  <em>
(Verify login with empty fields)                  </em>
                </div> <!-- method-content -->
              </div> <!-- method -->
              <div class="method">
                <div class="method-content">
                  <a name="verifyLoginWithInCorrectUserNameAndPassword">
                  </a> <!-- verifyLoginWithInCorrectUserNameAndPassword -->
                  <span class="method-name">verifyLoginWithInCorrectUserNameAndPassword</span>
                  <em>
(Verify login with incorrect password)                  </em>
                </div> <!-- method-content -->
              </div> <!-- method -->
              <div class="method">
                <div class="method-content">
                  <a name="verifyLoginWithValidCredentials">
                  </a> <!-- verifyLoginWithValidCredentials -->
                  <span class="method-name">verifyLoginWithValidCredentials</span>
                  <em>
(Verify login with valid credentials)                  </em>
                </div> <!-- method-content -->
              </div> <!-- method -->
              <div class="method">
                <div class="method-content">
                  <a name="verifyPasswordFieldIsMasked(demoUser, demoPass)">
                  </a> <!-- verifyPasswordFieldIsMasked(demoUser, demoPass) -->
                  <span class="method-name">verifyPasswordFieldIsMasked</span>
                  <span class="parameters">(demoUser,demoPass)</span>
                  <em>
(Password Field validation)                  </em>
                </div> <!-- method-content -->
              </div> <!-- method -->
              <div class="method">
                <div class="method-content">
                  <a name="verifyPasswordFieldIsMasked(testuser1, password1)">
                  </a> <!-- verifyPasswordFieldIsMasked(testuser1, password1) -->
                  <span class="method-name">verifyPasswordFieldIsMasked</span>
                  <span class="parameters">(testuser1,password1)</span>
                  <em>
(Password Field validation)                  </em>
                </div> <!-- method-content -->
              </div> <!-- method -->
            </div> <!-- main-panel-content rounded-window-bottom -->
          </div> <!-- suite-ECommerceSuite-class-passed -->
          <div class="suite-ECommerceSuite-class-passed">
            <div class="main-panel-header rounded-window-top">
              <img src="passed.png"/>
              <span class="class-name">com.sudha.ecommerce.tests.CartTest</span>
            </div> <!-- main-panel-header rounded-window-top -->
            <div class="main-panel-content rounded-window-bottom">
              <div class="method">
                <div class="method-content">
                  <a name="addProductToCart">
                  </a> <!-- addProductToCart -->
                  <span class="method-name">addProductToCart</span>
                  <em>
(Add product to cart)                  </em>
                </div> <!-- method-content -->
              </div> <!-- method -->
            </div> <!-- main-panel-content rounded-window-bottom -->
          </div> <!-- suite-ECommerceSuite-class-passed -->
          <div class="suite-ECommerceSuite-class-passed">
            <div class="main-panel-header rounded-window-top">
              <img src="passed.png"/>
              <span class="class-name">com.sudha.ecommerce.tests.ProductBrowsingTest</span>
            </div> <!-- main-panel-header rounded-window-top -->
            <div class="main-panel-content rounded-window-bottom">
              <div class="method">
                <div class="method-content">
                  <a name="testBrowseCategoryLaptops">
                  </a> <!-- testBrowseCategoryLaptops -->
                  <span class="method-name">testBrowseCategoryLaptops</span>
                  <em>
(Test Browse product categories Laptops)                  </em>
                </div> <!-- method-content -->
              </div> <!-- method -->
              <div class="method">
                <div class="method-content">
                  <a name="testBrowseCategoryMonitors">
                  </a> <!-- testBrowseCategoryMonitors -->
                  <span class="method-name">testBrowseCategoryMonitors</span>
                  <em>
(Test Browse product categories Monitors)                  </em>
                </div> <!-- method-content -->
              </div> <!-- method -->
              <div class="method">
                <div class="method-content">
                  <a name="testBrowseCategoryPhones">
                  </a> <!-- testBrowseCategoryPhones -->
                  <span class="method-name">testBrowseCategoryPhones</span>
                  <em>
(Test Browse product categories Phones)                  </em>
                </div> <!-- method-content -->
              </div> <!-- method -->
              <div class="method">
                <div class="method-content">
                  <a name="testViewProductDetails">
                  </a> <!-- testViewProductDetails -->
                  <span class="method-name">testViewProductDetails</span>
                </div> <!-- method-content -->
              </div> <!-- method -->
            </div> <!-- main-panel-content rounded-window-bottom -->
          </div> <!-- suite-ECommerceSuite-class-passed -->
          <div class="suite-ECommerceSuite-class-passed">
            <div class="main-panel-header rounded-window-top">
              <img src="passed.png"/>
              <span class="class-name">com.sudha.ecommerce.tests.SignUpTest</span>
            </div> <!-- main-panel-header rounded-window-top -->
            <div class="main-panel-content rounded-window-bottom">
              <div class="method">
                <div class="method-content">
                  <a name="blankSignUp">
                  </a> <!-- blankSignUp -->
                  <span class="method-name">blankSignUp</span>
                  <em>
(Verify sign-up with empty fields)                  </em>
                </div> <!-- method-content -->
              </div> <!-- method -->
              <div class="method">
                <div class="method-content">
                  <a name="inValidSignUp">
                  </a> <!-- inValidSignUp -->
                  <span class="method-name">inValidSignUp</span>
                  <em>
(Verify sign-up with existing username)                  </em>
                </div> <!-- method-content -->
              </div> <!-- method -->
              <div class="method">
                <div class="method-content">
                  <a name="validSignUp">
                  </a> <!-- validSignUp -->
                  <span class="method-name">validSignUp</span>
                  <em>
(Verify user sign-up with unique credentials)                  </em>
                </div> <!-- method-content -->
              </div> <!-- method -->
            </div> <!-- main-panel-content rounded-window-bottom -->
          </div> <!-- suite-ECommerceSuite-class-passed -->
        </div> <!-- panel ECommerceSuite -->
        <div panel-name="test-xml-ECommerceSuite" class="panel">
          <div class="main-panel-header rounded-window-top">
            <span class="header-content">C:\Users\sures\eclipse-workspace\SudhaLearning\ECommerceSystemOriginal\testng.xml</span>
          </div> <!-- main-panel-header rounded-window-top -->
          <div class="main-panel-content rounded-window-bottom">
            <pre>
&lt;?xml version=&quot;1.0&quot; encoding=&quot;UTF-8&quot;?&gt;
&lt;!DOCTYPE suite SYSTEM &quot;https://testng.org/testng-1.0.dtd&quot;&gt;
&lt;suite thread-count=&quot;2&quot; parallel=&quot;tests&quot; name=&quot;ECommerceSuite&quot;&gt;
  &lt;listeners&gt;
    &lt;listener class-name=&quot;com.sudha.ecommerce.util.ExtentListener&quot;/&gt;
  &lt;/listeners&gt;
  &lt;test thread-count=&quot;2&quot; parallel=&quot;tests&quot; name=&quot;Chrome Tests&quot;&gt;
    &lt;parameter name=&quot;browser&quot; value=&quot;chrome&quot;/&gt;
    &lt;classes&gt;
      &lt;class name=&quot;com.sudha.ecommerce.tests.SignUpTest&quot;/&gt;
      &lt;class name=&quot;com.sudha.ecommerce.tests.LoginPageTest&quot;/&gt;
      &lt;class name=&quot;com.sudha.ecommerce.tests.HomePageTest&quot;/&gt;
      &lt;class name=&quot;com.sudha.ecommerce.tests.CartTest&quot;/&gt;
      &lt;class name=&quot;com.sudha.ecommerce.tests.OrderTest&quot;/&gt;
      &lt;class name=&quot;com.sudha.ecommerce.tests.ProductBrowsingTest&quot;/&gt;
      &lt;class name=&quot;com.sudha.ecommerce.tests.ResponsiveDesignTest&quot;/&gt;
    &lt;/classes&gt;
  &lt;/test&gt; &lt;!-- Chrome Tests --&gt;
&lt;/suite&gt; &lt;!-- ECommerceSuite --&gt;
            </pre>
          </div> <!-- main-panel-content rounded-window-bottom -->
        </div> <!-- panel -->
        <div panel-name="testlist-ECommerceSuite" class="panel">
          <div class="main-panel-header rounded-window-top">
            <span class="header-content">Tests for ECommerceSuite</span>
          </div> <!-- main-panel-header rounded-window-top -->
          <div class="main-panel-content rounded-window-bottom">
            <ul>
              <li>
                <span class="test-name">Chrome Tests (7 classes)</span>
              </li>
            </ul>
          </div> <!-- main-panel-content rounded-window-bottom -->
        </div> <!-- panel -->
        <div panel-name="group-ECommerceSuite" class="panel">
          <div class="main-panel-header rounded-window-top">
            <span class="header-content">Groups for ECommerceSuite</span>
          </div> <!-- main-panel-header rounded-window-top -->
          <div class="main-panel-content rounded-window-bottom">
            <div class="test-group">
              <span class="test-group-name">ui</span>
              <br/>
              <div class="method-in-group">
                <span class="method-in-group-name">addMultipleProductsToCart</span>
                <br/>
              </div> <!-- method-in-group -->
              <div class="method-in-group">
                <span class="method-in-group-name">addProductToCart</span>
                <br/>
              </div> <!-- method-in-group -->
              <div class="method-in-group">
                <span class="method-in-group-name">blankSignUp</span>
                <br/>
              </div> <!-- method-in-group -->
              <div class="method-in-group">
                <span class="method-in-group-name">inValidSignUp</span>
                <br/>
              </div> <!-- method-in-group -->
              <div class="method-in-group">
                <span class="method-in-group-name">placeOrderWithEmptyForm</span>
                <br/>
              </div> <!-- method-in-group -->
              <div class="method-in-group">
                <span class="method-in-group-name">placeOrderWithValidDetails</span>
                <br/>
              </div> <!-- method-in-group -->
              <div class="method-in-group">
                <span class="method-in-group-name">removeProductFromTheCart</span>
                <br/>
              </div> <!-- method-in-group -->
              <div class="method-in-group">
                <span class="method-in-group-name">testHorizontalScrollingOnIphone15Pro</span>
                <br/>
              </div> <!-- method-in-group -->
              <div class="method-in-group">
                <span class="method-in-group-name">testHorizontalScrollingOnIphone8</span>
                <br/>
              </div> <!-- method-in-group -->
              <div class="method-in-group">
                <span class="method-in-group-name">validSignUp</span>
                <br/>
              </div> <!-- method-in-group -->
              <div class="method-in-group">
                <span class="method-in-group-name">verifyLoginWithEmptyFields</span>
                <br/>
              </div> <!-- method-in-group -->
              <div class="method-in-group">
                <span class="method-in-group-name">verifyLoginWithInCorrectUserNameAndPassword</span>
                <br/>
              </div> <!-- method-in-group -->
              <div class="method-in-group">
                <span class="method-in-group-name">verifyLoginWithValidCredentials</span>
                <br/>
              </div> <!-- method-in-group -->
              <div class="method-in-group">
                <span class="method-in-group-name">verifyPasswordFieldIsMasked</span>
                <br/>
              </div> <!-- method-in-group -->
              <div class="method-in-group">
                <span class="method-in-group-name">viewCartWithAddedProducts</span>
                <br/>
              </div> <!-- method-in-group -->
            </div> <!-- test-group -->
          </div> <!-- main-panel-content rounded-window-bottom -->
        </div> <!-- panel -->
        <div panel-name="times-ECommerceSuite" class="panel">
          <div class="main-panel-header rounded-window-top">
            <span class="header-content">Times for ECommerceSuite</span>
          </div> <!-- main-panel-header rounded-window-top -->
          <div class="main-panel-content rounded-window-bottom">
            <div class="times-div">
              <script type="text/javascript">
suiteTableInitFunctions.push('tableData_ECommerceSuite');
function tableData_ECommerceSuite() {
var data = new google.visualization.DataTable();
data.addColumn('number', 'Number');
data.addColumn('string', 'Method');
data.addColumn('string', 'Class');
data.addColumn('number', 'Time (ms)');
data.addRows(28);
data.setCell(0, 0, 0)
data.setCell(0, 1, 'placeOrderWithValidDetails')
data.setCell(0, 2, 'com.sudha.ecommerce.tests.OrderTest')
data.setCell(0, 3, 11929);
data.setCell(1, 0, 1)
data.setCell(1, 1, 'addMultipleProductsToCart')
data.setCell(1, 2, 'com.sudha.ecommerce.tests.CartTest')
data.setCell(1, 3, 11920);
data.setCell(2, 0, 2)
data.setCell(2, 1, 'testDeleteProductFromCart')
data.setCell(2, 2, 'com.sudha.ecommerce.tests.HomePageTest')
data.setCell(2, 3, 11880);
data.setCell(3, 0, 3)
data.setCell(3, 1, 'testAddToCartAndValidateInCart')
data.setCell(3, 2, 'com.sudha.ecommerce.tests.HomePageTest')
data.setCell(3, 3, 7857);
data.setCell(4, 0, 4)
data.setCell(4, 1, 'addProductToCart')
data.setCell(4, 2, 'com.sudha.ecommerce.tests.CartTest')
data.setCell(4, 3, 4401);
data.setCell(5, 0, 5)
data.setCell(5, 1, 'testContactModalUI')
data.setCell(5, 2, 'com.sudha.ecommerce.tests.HomePageTest')
data.setCell(5, 3, 3097);
data.setCell(6, 0, 6)
data.setCell(6, 1, 'placeOrderWithEmptyForm')
data.setCell(6, 2, 'com.sudha.ecommerce.tests.OrderTest')
data.setCell(6, 3, 2934);
data.setCell(7, 0, 7)
data.setCell(7, 1, 'testSuccessfulLogin')
data.setCell(7, 2, 'com.sudha.ecommerce.tests.LoginPageTest')
data.setCell(7, 3, 2329);
data.setCell(8, 0, 8)
data.setCell(8, 1, 'testViewProductDetails')
data.setCell(8, 2, 'com.sudha.ecommerce.tests.ProductBrowsingTest')
data.setCell(8, 3, 2120);
data.setCell(9, 0, 9)
data.setCell(9, 1, 'viewCartWithAddedProducts')
data.setCell(9, 2, 'com.sudha.ecommerce.tests.CartTest')
data.setCell(9, 3, 1846);
data.setCell(10, 0, 10)
data.setCell(10, 1, 'removeProductFromTheCart')
data.setCell(10, 2, 'com.sudha.ecommerce.tests.CartTest')
data.setCell(10, 3, 1708);
data.setCell(11, 0, 11)
data.setCell(11, 1, 'blankSignUp')
data.setCell(11, 2, 'com.sudha.ecommerce.tests.SignUpTest')
data.setCell(11, 3, 1640);
data.setCell(12, 0, 12)
data.setCell(12, 1, 'validSignUp')
data.setCell(12, 2, 'com.sudha.ecommerce.tests.SignUpTest')
data.setCell(12, 3, 1636);
data.setCell(13, 0, 13)
data.setCell(13, 1, 'verifyLoginWithInCorrectUserNameAndPassword')
data.setCell(13, 2, 'com.sudha.ecommerce.tests.LoginPageTest')
data.setCell(13, 3, 1616);
data.setCell(14, 0, 14)
data.setCell(14, 1, 'testHorizontalScrollingOnIphone8')
data.setCell(14, 2, 'com.sudha.ecommerce.tests.ResponsiveDesignTest')
data.setCell(14, 3, 1611);
data.setCell(15, 0, 15)
data.setCell(15, 1, 'inValidSignUp')
data.setCell(15, 2, 'com.sudha.ecommerce.tests.SignUpTest')
data.setCell(15, 3, 1592);
data.setCell(16, 0, 16)
data.setCell(16, 1, 'testBrowseCategoryLaptops')
data.setCell(16, 2, 'com.sudha.ecommerce.tests.ProductBrowsingTest')
data.setCell(16, 3, 1590);
data.setCell(17, 0, 17)
data.setCell(17, 1, 'testHorizontalScrollingOnIphone15Pro')
data.setCell(17, 2, 'com.sudha.ecommerce.tests.ResponsiveDesignTest')
data.setCell(17, 3, 1494);
data.setCell(18, 0, 18)
data.setCell(18, 1, 'testVerifyHomeNavigation')
data.setCell(18, 2, 'com.sudha.ecommerce.tests.ProductBrowsingTest')
data.setCell(18, 3, 1264);
data.setCell(19, 0, 19)
data.setCell(19, 1, 'testNavBarAfterLogin')
data.setCell(19, 2, 'com.sudha.ecommerce.tests.HomePageTest')
data.setCell(19, 3, 1185);
data.setCell(20, 0, 20)
data.setCell(20, 1, 'verifyPasswordFieldIsMasked')
data.setCell(20, 2, 'com.sudha.ecommerce.tests.LoginPageTest')
data.setCell(20, 3, 996);
data.setCell(21, 0, 21)
data.setCell(21, 1, 'verifyLoginWithValidCredentials')
data.setCell(21, 2, 'com.sudha.ecommerce.tests.LoginPageTest')
data.setCell(21, 3, 982);
data.setCell(22, 0, 22)
data.setCell(22, 1, 'verifyLoginWithEmptyFields')
data.setCell(22, 2, 'com.sudha.ecommerce.tests.LoginPageTest')
data.setCell(22, 3, 971);
data.setCell(23, 0, 23)
data.setCell(23, 1, 'testBrowseCategoryPhones')
data.setCell(23, 2, 'com.sudha.ecommerce.tests.ProductBrowsingTest')
data.setCell(23, 3, 913);
data.setCell(24, 0, 24)
data.setCell(24, 1, 'verifyPasswordFieldIsMasked')
data.setCell(24, 2, 'com.sudha.ecommerce.tests.LoginPageTest')
data.setCell(24, 3, 868);
data.setCell(25, 0, 25)
data.setCell(25, 1, 'testBrowseCategoryMonitors')
data.setCell(25, 2, 'com.sudha.ecommerce.tests.ProductBrowsingTest')
data.setCell(25, 3, 857);
data.setCell(26, 0, 26)
data.setCell(26, 1, 'testLoginFormButtonsAreVisible')
data.setCell(26, 2, 'com.sudha.ecommerce.tests.LoginPageTest')
data.setCell(26, 3, 187);
data.setCell(27, 0, 27)
data.setCell(27, 1, 'testNavigateUsingNavbarLinks')
data.setCell(27, 2, 'com.sudha.ecommerce.tests.ProductBrowsingTest')
data.setCell(27, 3, 38);
window.suiteTableData['ECommerceSuite']= { tableData: data, tableDiv: 'times-div-ECommerceSuite'}
return data;
}
              </script>
              <span class="suite-total-time">Total running time: 2 minutes</span>
              <div id="times-div-ECommerceSuite">
              </div> <!-- times-div-ECommerceSuite -->
            </div> <!-- times-div -->
          </div> <!-- main-panel-content rounded-window-bottom -->
        </div> <!-- panel -->
        <div panel-name="reporter-ECommerceSuite" class="panel">
          <div class="main-panel-header rounded-window-top">
            <span class="header-content">Reporter output for ECommerceSuite</span>
          </div> <!-- main-panel-header rounded-window-top -->
          <div class="main-panel-content rounded-window-bottom">
          </div> <!-- main-panel-content rounded-window-bottom -->
        </div> <!-- panel -->
        <div panel-name="ignored-methods-ECommerceSuite" class="panel">
          <div class="main-panel-header rounded-window-top">
            <span class="header-content">6 ignored methods</span>
          </div> <!-- main-panel-header rounded-window-top -->
          <div class="main-panel-content rounded-window-bottom">
            <div class="ignored-class-div">
              <span class="ignored-class-name">com.sudha.ecommerce.tests.HomePageTest</span>
              <div class="ignored-methods-div">
                <span class="ignored-method-name">cleanReports</span>
                <br/>
              </div> <!-- ignored-methods-div -->
            </div> <!-- ignored-class-div -->
            <div class="ignored-class-div">
              <span class="ignored-class-name">com.sudha.ecommerce.tests.OrderTest</span>
              <div class="ignored-methods-div">
                <span class="ignored-method-name">cleanReports</span>
                <br/>
              </div> <!-- ignored-methods-div -->
            </div> <!-- ignored-class-div -->
            <div class="ignored-class-div">
              <span class="ignored-class-name">com.sudha.ecommerce.tests.LoginPageTest</span>
              <div class="ignored-methods-div">
                <span class="ignored-method-name">cleanReports</span>
                <br/>
              </div> <!-- ignored-methods-div -->
            </div> <!-- ignored-class-div -->
            <div class="ignored-class-div">
              <span class="ignored-class-name">com.sudha.ecommerce.tests.ResponsiveDesignTest</span>
              <div class="ignored-methods-div">
                <span class="ignored-method-name">cleanReports</span>
                <br/>
              </div> <!-- ignored-methods-div -->
            </div> <!-- ignored-class-div -->
            <div class="ignored-class-div">
              <span class="ignored-class-name">com.sudha.ecommerce.tests.CartTest</span>
              <div class="ignored-methods-div">
                <span class="ignored-method-name">cleanReports</span>
                <br/>
              </div> <!-- ignored-methods-div -->
            </div> <!-- ignored-class-div -->
            <div class="ignored-class-div">
              <span class="ignored-class-name">com.sudha.ecommerce.tests.ProductBrowsingTest</span>
              <div class="ignored-methods-div">
                <span class="ignored-method-name">cleanReports</span>
                <br/>
              </div> <!-- ignored-methods-div -->
            </div> <!-- ignored-class-div -->
          </div> <!-- main-panel-content rounded-window-bottom -->
        </div> <!-- panel -->
        <div panel-name="chronological-ECommerceSuite" class="panel">
          <div class="main-panel-header rounded-window-top">
            <span class="header-content">Methods in chronological order</span>
          </div> <!-- main-panel-header rounded-window-top -->
          <div class="main-panel-content rounded-window-bottom">
            <div class="chronological-class">
              <div class="chronological-class-name">com.sudha.ecommerce.tests.SignUpTest</div> <!-- chronological-class-name -->
              <div class="configuration-suite before">
                <span class="method-name">cleanReports</span>
                <span class="method-start">0 ms</span>
              </div> <!-- configuration-suite before -->
            </div> <!-- chronological-class -->
            <div class="chronological-class">
              <div class="chronological-class-name">com.sudha.ecommerce.tests.HomePageTest</div> <!-- chronological-class-name -->
              <div class="configuration-method before">
                <span class="method-name">setUp([TestResult name={null} status=CREATED method=HomePageTest.testAddToCartAndValidateInCart()[pri:0, i...)</span>
                <span class="method-start">218 ms</span>
              </div> <!-- configuration-method before -->
              <div class="test-method">
                <span class="method-name">testAddToCartAndValidateInCart</span>
                <span class="method-start">3171 ms</span>
              </div> <!-- test-method -->
            </div> <!-- chronological-class -->
            <div class="chronological-class">
              <div class="chronological-class-name">com.sudha.ecommerce.tests.ProductBrowsingTest</div> <!-- chronological-class-name -->
              <div class="configuration-method before">
                <span class="method-name">setUp([TestResult name={null} status=CREATED method=ProductBrowsingTest.testBrowseCategoryLaptops()[pri:0,...)</span>
                <span class="method-start">11522 ms</span>
              </div> <!-- configuration-method before -->
              <div class="configuration-method before">
                <span class="method-name">initPage</span>
                <span class="method-start">12750 ms</span>
              </div> <!-- configuration-method before -->
              <div class="test-method">
                <span class="method-name">testBrowseCategoryLaptops</span>
                <span class="method-start">12791 ms</span>
              </div> <!-- test-method -->
              <div class="configuration-method after">
                <span class="method-name">tearDown</span>
                <span class="method-start">14623 ms</span>
              </div> <!-- configuration-method after -->
              <div class="configuration-method before">
                <span class="method-name">setUp([TestResult name={null} status=CREATED method=ProductBrowsingTest.testBrowseCategoryMonitors()[pri:0...)</span>
                <span class="method-start">14804 ms</span>
              </div> <!-- configuration-method before -->
              <div class="configuration-method before">
                <span class="method-name">initPage</span>
                <span class="method-start">17007 ms</span>
              </div> <!-- configuration-method before -->
              <div class="test-method">
                <span class="method-name">testBrowseCategoryMonitors</span>
                <span class="method-start">17010 ms</span>
              </div> <!-- test-method -->
              <div class="configuration-method after">
                <span class="method-name">tearDown</span>
                <span class="method-start">18125 ms</span>
              </div> <!-- configuration-method after -->
              <div class="configuration-method before">
                <span class="method-name">setUp([TestResult name={null} status=CREATED method=ProductBrowsingTest.testBrowseCategoryPhones()[pri:0, ...)</span>
                <span class="method-start">18300 ms</span>
              </div> <!-- configuration-method before -->
              <div class="configuration-method before">
                <span class="method-name">initPage</span>
                <span class="method-start">20145 ms</span>
              </div> <!-- configuration-method before -->
              <div class="test-method">
                <span class="method-name">testBrowseCategoryPhones</span>
                <span class="method-start">20147 ms</span>
              </div> <!-- test-method -->
              <div class="configuration-method after">
                <span class="method-name">tearDown</span>
                <span class="method-start">21310 ms</span>
              </div> <!-- configuration-method after -->
            </div> <!-- chronological-class -->
            <div class="chronological-class">
              <div class="chronological-class-name">com.sudha.ecommerce.tests.HomePageTest</div> <!-- chronological-class-name -->
              <div class="configuration-method before">
                <span class="method-name">setUp([TestResult name={null} status=CREATED method=HomePageTest.testContactModalUI()[pri:0, instance:com....)</span>
                <span class="method-start">21508 ms</span>
              </div> <!-- configuration-method before -->
              <div class="test-method">
                <img src="failed.png">
                </img>
                <span class="method-name">testContactModalUI</span>
                <span class="method-start">22696 ms</span>
              </div> <!-- test-method -->
              <div class="configuration-method before">
                <span class="method-name">setUp([TestResult name={null} status=CREATED method=HomePageTest.testDeleteProductFromCart()[pri:0, instan...)</span>
                <span class="method-start">26054 ms</span>
              </div> <!-- configuration-method before -->
              <div class="test-method">
                <img src="failed.png">
                </img>
                <span class="method-name">testDeleteProductFromCart</span>
                <span class="method-start">27876 ms</span>
              </div> <!-- test-method -->
              <div class="configuration-method before">
                <span class="method-name">setUp([TestResult name={null} status=CREATED method=HomePageTest.testNavBarAfterLogin()[pri:0, instance:co...)</span>
                <span class="method-start">40224 ms</span>
              </div> <!-- configuration-method before -->
              <div class="test-method">
                <img src="failed.png">
                </img>
                <span class="method-name">testNavBarAfterLogin</span>
                <span class="method-start">42367 ms</span>
              </div> <!-- test-method -->
              <div class="configuration-class after">
                <span class="method-name">tearDown</span>
                <span class="method-start">43749 ms</span>
              </div> <!-- configuration-class after -->
            </div> <!-- chronological-class -->
            <div class="chronological-class">
              <div class="chronological-class-name">com.sudha.ecommerce.tests.ProductBrowsingTest</div> <!-- chronological-class-name -->
              <div class="configuration-method before">
                <span class="method-name">setUp([TestResult name={null} status=CREATED method=ProductBrowsingTest.testNavigateUsingNavbarLinks()[pri...)</span>
                <span class="method-start">43985 ms</span>
              </div> <!-- configuration-method before -->
              <div class="configuration-method before">
                <span class="method-name">initPage</span>
                <span class="method-start">45791 ms</span>
              </div> <!-- configuration-method before -->
              <div class="test-method">
                <img src="failed.png">
                </img>
                <span class="method-name">testNavigateUsingNavbarLinks</span>
                <span class="method-start">45794 ms</span>
              </div> <!-- test-method -->
              <div class="configuration-method after">
                <span class="method-name">tearDown</span>
                <span class="method-start">46090 ms</span>
              </div> <!-- configuration-method after -->
              <div class="configuration-method before">
                <span class="method-name">setUp([TestResult name={null} status=CREATED method=ProductBrowsingTest.testVerifyHomeNavigation()[pri:0, ...)</span>
                <span class="method-start">46234 ms</span>
              </div> <!-- configuration-method before -->
              <div class="configuration-method before">
                <span class="method-name">initPage</span>
                <span class="method-start">47369 ms</span>
              </div> <!-- configuration-method before -->
              <div class="test-method">
                <img src="failed.png">
                </img>
                <span class="method-name">testVerifyHomeNavigation</span>
                <span class="method-start">47370 ms</span>
              </div> <!-- test-method -->
              <div class="configuration-method after">
                <span class="method-name">tearDown</span>
                <span class="method-start">48917 ms</span>
              </div> <!-- configuration-method after -->
              <div class="configuration-method before">
                <span class="method-name">setUp([TestResult name={null} status=CREATED method=ProductBrowsingTest.testViewProductDetails()[pri:0, in...)</span>
                <span class="method-start">49089 ms</span>
              </div> <!-- configuration-method before -->
              <div class="configuration-method before">
                <span class="method-name">initPage</span>
                <span class="method-start">50515 ms</span>
              </div> <!-- configuration-method before -->
              <div class="test-method">
                <span class="method-name">testViewProductDetails</span>
                <span class="method-start">50516 ms</span>
              </div> <!-- test-method -->
              <div class="configuration-method after">
                <span class="method-name">tearDown</span>
                <span class="method-start">52919 ms</span>
              </div> <!-- configuration-method after -->
            </div> <!-- chronological-class -->
            <div class="chronological-class">
              <div class="chronological-class-name">com.sudha.ecommerce.tests.SignUpTest</div> <!-- chronological-class-name -->
              <div class="configuration-class before">
                <span class="method-name">beforeEachBrowser</span>
                <span class="method-start">53103 ms</span>
              </div> <!-- configuration-class before -->
              <div class="configuration-method before">
                <span class="method-name">setUp([TestResult name={null} status=CREATED method=SignUpTest.validSignUp()[pri:1, instance:com.sudha.eco...)</span>
                <span class="method-start">53126 ms</span>
              </div> <!-- configuration-method before -->
              <div class="test-method">
                <span class="method-name">validSignUp</span>
                <span class="method-start">54823 ms</span>
              </div> <!-- test-method -->
              <div class="configuration-method after">
                <span class="method-name">tearDown</span>
                <span class="method-start">56738 ms</span>
              </div> <!-- configuration-method after -->
            </div> <!-- chronological-class -->
            <div class="chronological-class">
              <div class="chronological-class-name">com.sudha.ecommerce.tests.LoginPageTest</div> <!-- chronological-class-name -->
              <div class="configuration-method before">
                <span class="method-name">setUp([TestResult name={null} status=CREATED method=LoginPageTest.testLoginFormButtonsAreVisible()[pri:0, ...)</span>
                <span class="method-start">56976 ms</span>
              </div> <!-- configuration-method before -->
              <div class="configuration-method before">
                <span class="method-name">setUp</span>
                <span class="method-start">58697 ms</span>
              </div> <!-- configuration-method before -->
              <div class="test-method">
                <img src="failed.png">
                </img>
                <span class="method-name">testLoginFormButtonsAreVisible</span>
                <span class="method-start">58698 ms</span>
              </div> <!-- test-method -->
              <div class="configuration-method before">
                <span class="method-name">setUp([TestResult name={null} status=CREATED method=LoginPageTest.testSuccessfulLogin()[pri:0, instance:co...)</span>
                <span class="method-start">59140 ms</span>
              </div> <!-- configuration-method before -->
              <div class="configuration-method before">
                <span class="method-name">setUp</span>
                <span class="method-start">61336 ms</span>
              </div> <!-- configuration-method before -->
              <div class="test-method">
                <span class="method-name">testSuccessfulLogin</span>
                <span class="method-start">61338 ms</span>
              </div> <!-- test-method -->
              <div class="configuration-method before">
                <span class="method-name">setUp([TestResult name={null} status=CREATED method=LoginPageTest.verifyLoginWithEmptyFields()[pri:0, inst...)</span>
                <span class="method-start">63929 ms</span>
              </div> <!-- configuration-method before -->
              <div class="configuration-method before">
                <span class="method-name">setUp</span>
                <span class="method-start">66451 ms</span>
              </div> <!-- configuration-method before -->
              <div class="test-method">
                <span class="method-name">verifyLoginWithEmptyFields</span>
                <span class="method-start">66452 ms</span>
              </div> <!-- test-method -->
              <div class="configuration-method before">
                <span class="method-name">setUp([TestResult name={null} status=CREATED method=LoginPageTest.verifyLoginWithInCorrectUserNameAndPassw...)</span>
                <span class="method-start">67711 ms</span>
              </div> <!-- configuration-method before -->
              <div class="configuration-method before">
                <span class="method-name">setUp</span>
                <span class="method-start">69166 ms</span>
              </div> <!-- configuration-method before -->
              <div class="test-method">
                <span class="method-name">verifyLoginWithInCorrectUserNameAndPassword</span>
                <span class="method-start">69167 ms</span>
              </div> <!-- test-method -->
              <div class="configuration-method before">
                <span class="method-name">setUp([TestResult name={null} status=CREATED method=LoginPageTest.verifyLoginWithValidCredentials()[pri:0,...)</span>
                <span class="method-start">71005 ms</span>
              </div> <!-- configuration-method before -->
              <div class="configuration-method before">
                <span class="method-name">setUp</span>
                <span class="method-start">72941 ms</span>
              </div> <!-- configuration-method before -->
              <div class="test-method">
                <span class="method-name">verifyLoginWithValidCredentials</span>
                <span class="method-start">72942 ms</span>
              </div> <!-- test-method -->
            </div> <!-- chronological-class -->
            <div class="chronological-class">
              <div class="chronological-class-name">com.sudha.ecommerce.tests.ResponsiveDesignTest</div> <!-- chronological-class-name -->
              <div class="configuration-method before">
                <span class="method-name">setUp([TestResult name={null} status=CREATED method=ResponsiveDesignTest.testHorizontalScrollingOnIphone15...)</span>
                <span class="method-start">74114 ms</span>
              </div> <!-- configuration-method before -->
              <div class="test-method">
                <img src="failed.png">
                </img>
                <span class="method-name">testHorizontalScrollingOnIphone15Pro</span>
                <span class="method-start">75743 ms</span>
              </div> <!-- test-method -->
              <div class="configuration-method after">
                <span class="method-name">tearDown</span>
                <span class="method-start">77353 ms</span>
              </div> <!-- configuration-method after -->
              <div class="configuration-method before">
                <span class="method-name">setUp([TestResult name={null} status=CREATED method=ResponsiveDesignTest.testHorizontalScrollingOnIphone8(...)</span>
                <span class="method-start">77502 ms</span>
              </div> <!-- configuration-method before -->
              <div class="test-method">
                <img src="failed.png">
                </img>
                <span class="method-name">testHorizontalScrollingOnIphone8</span>
                <span class="method-start">79167 ms</span>
              </div> <!-- test-method -->
              <div class="configuration-method after">
                <span class="method-name">tearDown</span>
                <span class="method-start">80878 ms</span>
              </div> <!-- configuration-method after -->
            </div> <!-- chronological-class -->
            <div class="chronological-class">
              <div class="chronological-class-name">com.sudha.ecommerce.tests.LoginPageTest</div> <!-- chronological-class-name -->
              <div class="configuration-method before">
                <span class="method-name">setUp([TestResult name={null} status=CREATED method=LoginPageTest.verifyPasswordFieldIsMasked(java.lang.St...)</span>
                <span class="method-start">81060 ms</span>
              </div> <!-- configuration-method before -->
              <div class="configuration-method before">
                <span class="method-name">setUp</span>
                <span class="method-start">82605 ms</span>
              </div> <!-- configuration-method before -->
              <div class="test-method">
                <span class="method-name">verifyPasswordFieldIsMasked(testuser1, password1)</span>
                <span class="method-start">82606 ms</span>
              </div> <!-- test-method -->
              <div class="configuration-method before">
                <span class="method-name">setUp([TestResult name={null} status=CREATED method=LoginPageTest.verifyPasswordFieldIsMasked(java.lang.St...)</span>
                <span class="method-start">83683 ms</span>
              </div> <!-- configuration-method before -->
              <div class="configuration-method before">
                <span class="method-name">setUp</span>
                <span class="method-start">85758 ms</span>
              </div> <!-- configuration-method before -->
              <div class="test-method">
                <span class="method-name">verifyPasswordFieldIsMasked(demoUser, demoPass)</span>
                <span class="method-start">85758 ms</span>
              </div> <!-- test-method -->
              <div class="configuration-class after">
                <span class="method-name">tearDown</span>
                <span class="method-start">86936 ms</span>
              </div> <!-- configuration-class after -->
            </div> <!-- chronological-class -->
            <div class="chronological-class">
              <div class="chronological-class-name">com.sudha.ecommerce.tests.CartTest</div> <!-- chronological-class-name -->
              <div class="configuration-method before">
                <span class="method-name">setUp([TestResult name={null} status=CREATED method=CartTest.addProductToCart()[pri:1, instance:com.sudha....)</span>
                <span class="method-start">87131 ms</span>
              </div> <!-- configuration-method before -->
              <div class="test-method">
                <span class="method-name">addProductToCart</span>
                <span class="method-start">88974 ms</span>
              </div> <!-- test-method -->
              <div class="configuration-method after">
                <span class="method-name">tearDown</span>
                <span class="method-start">93636 ms</span>
              </div> <!-- configuration-method after -->
            </div> <!-- chronological-class -->
            <div class="chronological-class">
              <div class="chronological-class-name">com.sudha.ecommerce.tests.SignUpTest</div> <!-- chronological-class-name -->
              <div class="configuration-method before">
                <span class="method-name">setUp([TestResult name={null} status=CREATED method=SignUpTest.inValidSignUp()[pri:2, instance:com.sudha.e...)</span>
                <span class="method-start">93828 ms</span>
              </div> <!-- configuration-method before -->
              <div class="test-method">
                <span class="method-name">inValidSignUp</span>
                <span class="method-start">95338 ms</span>
              </div> <!-- test-method -->
              <div class="configuration-method after">
                <span class="method-name">tearDown</span>
                <span class="method-start">97142 ms</span>
              </div> <!-- configuration-method after -->
            </div> <!-- chronological-class -->
            <div class="chronological-class">
              <div class="chronological-class-name">com.sudha.ecommerce.tests.CartTest</div> <!-- chronological-class-name -->
              <div class="configuration-method before">
                <span class="method-name">setUp([TestResult name={null} status=CREATED method=CartTest.viewCartWithAddedProducts()[pri:2, instance:c...)</span>
                <span class="method-start">97338 ms</span>
              </div> <!-- configuration-method before -->
              <div class="test-method">
                <img src="failed.png">
                </img>
                <span class="method-name">viewCartWithAddedProducts</span>
                <span class="method-start">99128 ms</span>
              </div> <!-- test-method -->
              <div class="configuration-method after">
                <span class="method-name">tearDown</span>
                <span class="method-start">101216 ms</span>
              </div> <!-- configuration-method after -->
            </div> <!-- chronological-class -->
            <div class="chronological-class">
              <div class="chronological-class-name">com.sudha.ecommerce.tests.SignUpTest</div> <!-- chronological-class-name -->
              <div class="configuration-method before">
                <span class="method-name">setUp([TestResult name={null} status=CREATED method=SignUpTest.blankSignUp()[pri:3, instance:com.sudha.eco...)</span>
                <span class="method-start">101389 ms</span>
              </div> <!-- configuration-method before -->
              <div class="test-method">
                <span class="method-name">blankSignUp</span>
                <span class="method-start">102567 ms</span>
              </div> <!-- test-method -->
              <div class="configuration-method after">
                <span class="method-name">tearDown</span>
                <span class="method-start">104464 ms</span>
              </div> <!-- configuration-method after -->
            </div> <!-- chronological-class -->
            <div class="chronological-class">
              <div class="chronological-class-name">com.sudha.ecommerce.tests.CartTest</div> <!-- chronological-class-name -->
              <div class="configuration-method before">
                <span class="method-name">setUp([TestResult name={null} status=CREATED method=CartTest.removeProductFromTheCart()[pri:3, instance:co...)</span>
                <span class="method-start">104660 ms</span>
              </div> <!-- configuration-method before -->
              <div class="test-method">
                <img src="failed.png">
                </img>
                <span class="method-name">removeProductFromTheCart</span>
                <span class="method-start">106284 ms</span>
              </div> <!-- test-method -->
              <div class="configuration-method after">
                <span class="method-name">tearDown</span>
                <span class="method-start">108253 ms</span>
              </div> <!-- configuration-method after -->
              <div class="configuration-method before">
                <span class="method-name">setUp([TestResult name={null} status=CREATED method=CartTest.addMultipleProductsToCart()[pri:4, instance:c...)</span>
                <span class="method-start">108492 ms</span>
              </div> <!-- configuration-method before -->
              <div class="test-method">
                <img src="failed.png">
                </img>
                <span class="method-name">addMultipleProductsToCart</span>
                <span class="method-start">110067 ms</span>
              </div> <!-- test-method -->
              <div class="configuration-method after">
                <span class="method-name">tearDown</span>
                <span class="method-start">122313 ms</span>
              </div> <!-- configuration-method after -->
            </div> <!-- chronological-class -->
            <div class="chronological-class">
              <div class="chronological-class-name">com.sudha.ecommerce.tests.OrderTest</div> <!-- chronological-class-name -->
              <div class="configuration-method before">
                <span class="method-name">setUp([TestResult name={null} status=CREATED method=OrderTest.placeOrderWithValidDetails()[pri:1, instance...)</span>
                <span class="method-start">122596 ms</span>
              </div> <!-- configuration-method before -->
              <div class="test-method">
                <img src="failed.png">
                </img>
                <span class="method-name">placeOrderWithValidDetails</span>
                <span class="method-start">124537 ms</span>
              </div> <!-- test-method -->
              <div class="configuration-method after">
                <span class="method-name">tearDown</span>
                <span class="method-start">137012 ms</span>
              </div> <!-- configuration-method after -->
              <div class="configuration-method before">
                <span class="method-name">setUp([TestResult name={null} status=CREATED method=OrderTest.placeOrderWithEmptyForm()[pri:2, instance:co...)</span>
                <span class="method-start">137489 ms</span>
              </div> <!-- configuration-method before -->
              <div class="test-method">
                <img src="failed.png">
                </img>
                <span class="method-name">placeOrderWithEmptyForm</span>
                <span class="method-start">138699 ms</span>
              </div> <!-- test-method -->
              <div class="configuration-method after">
                <span class="method-name">tearDown</span>
                <span class="method-start">141896 ms</span>
              </div> <!-- configuration-method after -->
          </div> <!-- main-panel-content rounded-window-bottom -->
        </div> <!-- panel -->
      </div> <!-- main-panel-root -->
    </div> <!-- wrapper -->
  </body>
<script type="text/javascript" src="testng-reports2.js"></script>
</html>
